Copyright 1986-2022 Xilinx, Inc. All Rights Reserved. Copyright 2022-2023 Advanced Micro Devices, Inc. All Rights Reserved.
---------------------------------------------------------------------------------------------------------------------------------------------------------------------------------------------------------------------------------------------------------------------------
| Tool Version : Vivado v.2023.1 (win64) Build 3865809 Sun May  7 15:05:29 MDT 2023
| Date         : Mon Oct 30 10:38:02 2023
| Host         : LAPTOP-TVLGLNA1 running 64-bit major release  (build 9200)
| Command      : report_timing_summary -max_paths 10 -report_unconstrained -file red_iterativa_comparadores_timing_summary_routed.rpt -pb red_iterativa_comparadores_timing_summary_routed.pb -rpx red_iterativa_comparadores_timing_summary_routed.rpx -warn_on_violation
| Design       : red_iterativa_comparadores
| Device       : 7a35t-cpg236
| Speed File   : -1  PRODUCTION 1.23 2018-06-13
| Design State : Routed
---------------------------------------------------------------------------------------------------------------------------------------------------------------------------------------------------------------------------------------------------------------------------

Timing Summary Report

------------------------------------------------------------------------------------------------
| Timer Settings
| --------------
------------------------------------------------------------------------------------------------

  Enable Multi Corner Analysis               :  Yes
  Enable Pessimism Removal                   :  Yes
  Pessimism Removal Resolution               :  Nearest Common Node
  Enable Input Delay Default Clock           :  No
  Enable Preset / Clear Arcs                 :  No
  Disable Flight Delays                      :  No
  Ignore I/O Paths                           :  No
  Timing Early Launch at Borrowing Latches   :  No
  Borrow Time for Max Delay Exceptions       :  Yes
  Merge Timing Exceptions                    :  Yes

  Corner  Analyze    Analyze    
  Name    Max Paths  Min Paths  
  ------  ---------  ---------  
  Slow    Yes        Yes        
  Fast    Yes        Yes        


------------------------------------------------------------------------------------------------
| Report Methodology
| ------------------
------------------------------------------------------------------------------------------------

No report available as report_methodology has not been run prior. Run report_methodology on the current design for the summary of methodology violations.



check_timing report

Table of Contents
-----------------
1. checking no_clock (0)
2. checking constant_clock (0)
3. checking pulse_width_clock (0)
4. checking unconstrained_internal_endpoints (0)
5. checking no_input_delay (0)
6. checking no_output_delay (0)
7. checking multiple_clock (0)
8. checking generated_clocks (0)
9. checking loops (0)
10. checking partial_input_delay (0)
11. checking partial_output_delay (0)
12. checking latch_loops (0)

1. checking no_clock (0)
------------------------
 There are 0 register/latch pins with no clock.


2. checking constant_clock (0)
------------------------------
 There are 0 register/latch pins with constant_clock.


3. checking pulse_width_clock (0)
---------------------------------
 There are 0 register/latch pins which need pulse_width check


4. checking unconstrained_internal_endpoints (0)
------------------------------------------------
 There are 0 pins that are not constrained for maximum delay.

 There are 0 pins that are not constrained for maximum delay due to constant clock.


5. checking no_input_delay (0)
------------------------------
 There are 0 input ports with no input delay specified.

 There are 0 input ports with no input delay but user has a false path constraint.


6. checking no_output_delay (0)
-------------------------------
 There are 0 ports with no output delay specified.

 There are 0 ports with no output delay but user has a false path constraint

 There are 0 ports with no output delay but with a timing clock defined on it or propagating through it


7. checking multiple_clock (0)
------------------------------
 There are 0 register/latch pins with multiple clocks.


8. checking generated_clocks (0)
--------------------------------
 There are 0 generated clocks that are not connected to a clock source.


9. checking loops (0)
---------------------
 There are 0 combinational loops in the design.


10. checking partial_input_delay (0)
------------------------------------
 There are 0 input ports with partial input delay specified.


11. checking partial_output_delay (0)
-------------------------------------
 There are 0 ports with partial output delay specified.


12. checking latch_loops (0)
----------------------------
 There are 0 combinational latch loops in the design through latch input



------------------------------------------------------------------------------------------------
| Design Timing Summary
| ---------------------
------------------------------------------------------------------------------------------------

    WNS(ns)      TNS(ns)  TNS Failing Endpoints  TNS Total Endpoints      WHS(ns)      THS(ns)  THS Failing Endpoints  THS Total Endpoints     WPWS(ns)     TPWS(ns)  TPWS Failing Endpoints  TPWS Total Endpoints  
    -------      -------  ---------------------  -------------------      -------      -------  ---------------------  -------------------     --------     --------  ----------------------  --------------------  
        inf        0.000                      0                    8          inf        0.000                      0                    8           NA           NA                      NA                    NA  


There are no user specified timing constraints.


------------------------------------------------------------------------------------------------
| Clock Summary
| -------------
------------------------------------------------------------------------------------------------


------------------------------------------------------------------------------------------------
| Intra Clock Table
| -----------------
------------------------------------------------------------------------------------------------

Clock             WNS(ns)      TNS(ns)  TNS Failing Endpoints  TNS Total Endpoints      WHS(ns)      THS(ns)  THS Failing Endpoints  THS Total Endpoints     WPWS(ns)     TPWS(ns)  TPWS Failing Endpoints  TPWS Total Endpoints  
-----             -------      -------  ---------------------  -------------------      -------      -------  ---------------------  -------------------     --------     --------  ----------------------  --------------------  


------------------------------------------------------------------------------------------------
| Inter Clock Table
| -----------------
------------------------------------------------------------------------------------------------

From Clock    To Clock          WNS(ns)      TNS(ns)  TNS Failing Endpoints  TNS Total Endpoints      WHS(ns)      THS(ns)  THS Failing Endpoints  THS Total Endpoints  
----------    --------          -------      -------  ---------------------  -------------------      -------      -------  ---------------------  -------------------  


------------------------------------------------------------------------------------------------
| Other Path Groups Table
| -----------------------
------------------------------------------------------------------------------------------------

Path Group    From Clock    To Clock          WNS(ns)      TNS(ns)  TNS Failing Endpoints  TNS Total Endpoints      WHS(ns)      THS(ns)  THS Failing Endpoints  THS Total Endpoints  
----------    ----------    --------          -------      -------  ---------------------  -------------------      -------      -------  ---------------------  -------------------  


------------------------------------------------------------------------------------------------
| User Ignored Path Table
| -----------------------
------------------------------------------------------------------------------------------------

Path Group    From Clock    To Clock    
----------    ----------    --------    


------------------------------------------------------------------------------------------------
| Unconstrained Path Table
| ------------------------
------------------------------------------------------------------------------------------------

Path Group    From Clock    To Clock    
----------    ----------    --------    
(none)                                    


------------------------------------------------------------------------------------------------
| Timing Details
| --------------
------------------------------------------------------------------------------------------------


--------------------------------------------------------------------------------------
Path Group:  (none)
From Clock:  
  To Clock:  

Max Delay             8 Endpoints
Min Delay             8 Endpoints
--------------------------------------------------------------------------------------


Max Delay Paths
--------------------------------------------------------------------------------------
Slack:                    inf
  Source:                 X[2]
                            (input port)
  Destination:            S[0]
                            (output port)
  Path Group:             (none)
  Path Type:              Max at Slow Process Corner
  Data Path Delay:        16.909ns  (logic 6.033ns (35.676%)  route 10.877ns (64.324%))
  Logic Levels:           9  (IBUF=1 LUT3=1 LUT4=1 LUT5=2 LUT6=3 OBUF=1)

    Location             Delay type                Incr(ns)  Path(ns)    Netlist Resource(s)
  -------------------------------------------------------------------    -------------------
    W16                                               0.000     0.000 f  X[2] (IN)
                         net (fo=0)                   0.000     0.000    X[2]
    W16                  IBUF (Prop_ibuf_I_O)         1.464     1.464 f  X_IBUF[2]_inst/O
                         net (fo=5, routed)           3.167     4.631    X_IBUF[2]
    SLICE_X30Y38         LUT4 (Prop_lut4_I0_O)        0.124     4.755 r  S_OBUF[3]_inst_i_4/O
                         net (fo=7, routed)           0.712     5.467    S_OBUF[3]_inst_i_4_n_0
    SLICE_X30Y39         LUT5 (Prop_lut5_I1_O)        0.124     5.591 f  S_OBUF[1]_inst_i_7/O
                         net (fo=2, routed)           0.655     6.246    S_OBUF[1]_inst_i_7_n_0
    SLICE_X31Y39         LUT6 (Prop_lut6_I3_O)        0.124     6.370 f  S_OBUF[1]_inst_i_4/O
                         net (fo=2, routed)           0.809     7.180    S_OBUF[1]_inst_i_4_n_0
    SLICE_X32Y40         LUT6 (Prop_lut6_I0_O)        0.124     7.304 r  S_OBUF[1]_inst_i_3/O
                         net (fo=6, routed)           0.862     8.165    G_OBUF[2]
    SLICE_X30Y39         LUT6 (Prop_lut6_I4_O)        0.124     8.289 f  S_OBUF[2]_inst_i_2/O
                         net (fo=2, routed)           0.630     8.920    S_OBUF[2]_inst_i_2_n_0
    SLICE_X32Y39         LUT5 (Prop_lut5_I2_O)        0.124     9.044 r  S_OBUF[3]_inst_i_3/O
                         net (fo=5, routed)           0.511     9.554    G_OBUF[3]
    SLICE_X32Y39         LUT3 (Prop_lut3_I1_O)        0.118     9.672 r  S_OBUF[0]_inst_i_1/O
                         net (fo=1, routed)           3.530    13.203    S_OBUF[0]
    U16                  OBUF (Prop_obuf_I_O)         3.707    16.909 r  S_OBUF[0]_inst/O
                         net (fo=0)                   0.000    16.909    S[0]
    U16                                                               r  S[0] (OUT)
  -------------------------------------------------------------------    -------------------

Slack:                    inf
  Source:                 X[2]
                            (input port)
  Destination:            G[3]
                            (output port)
  Path Group:             (none)
  Path Type:              Max at Slow Process Corner
  Data Path Delay:        16.750ns  (logic 5.729ns (34.204%)  route 11.021ns (65.796%))
  Logic Levels:           8  (IBUF=1 LUT4=1 LUT5=2 LUT6=3 OBUF=1)

    Location             Delay type                Incr(ns)  Path(ns)    Netlist Resource(s)
  -------------------------------------------------------------------    -------------------
    W16                                               0.000     0.000 f  X[2] (IN)
                         net (fo=0)                   0.000     0.000    X[2]
    W16                  IBUF (Prop_ibuf_I_O)         1.464     1.464 f  X_IBUF[2]_inst/O
                         net (fo=5, routed)           3.167     4.631    X_IBUF[2]
    SLICE_X30Y38         LUT4 (Prop_lut4_I0_O)        0.124     4.755 r  S_OBUF[3]_inst_i_4/O
                         net (fo=7, routed)           0.712     5.467    S_OBUF[3]_inst_i_4_n_0
    SLICE_X30Y39         LUT5 (Prop_lut5_I1_O)        0.124     5.591 f  S_OBUF[1]_inst_i_7/O
                         net (fo=2, routed)           0.655     6.246    S_OBUF[1]_inst_i_7_n_0
    SLICE_X31Y39         LUT6 (Prop_lut6_I3_O)        0.124     6.370 f  S_OBUF[1]_inst_i_4/O
                         net (fo=2, routed)           0.809     7.180    S_OBUF[1]_inst_i_4_n_0
    SLICE_X32Y40         LUT6 (Prop_lut6_I0_O)        0.124     7.304 r  S_OBUF[1]_inst_i_3/O
                         net (fo=6, routed)           0.862     8.165    G_OBUF[2]
    SLICE_X30Y39         LUT6 (Prop_lut6_I4_O)        0.124     8.289 f  S_OBUF[2]_inst_i_2/O
                         net (fo=2, routed)           0.630     8.920    S_OBUF[2]_inst_i_2_n_0
    SLICE_X32Y39         LUT5 (Prop_lut5_I2_O)        0.124     9.044 r  S_OBUF[3]_inst_i_3/O
                         net (fo=5, routed)           4.185    13.229    G_OBUF[3]
    L1                   OBUF (Prop_obuf_I_O)         3.521    16.750 r  G_OBUF[3]_inst/O
                         net (fo=0)                   0.000    16.750    G[3]
    L1                                                                r  G[3] (OUT)
  -------------------------------------------------------------------    -------------------

Slack:                    inf
  Source:                 X[2]
                            (input port)
  Destination:            S[2]
                            (output port)
  Path Group:             (none)
  Path Type:              Max at Slow Process Corner
  Data Path Delay:        16.452ns  (logic 5.833ns (35.453%)  route 10.619ns (64.547%))
  Logic Levels:           9  (IBUF=1 LUT3=1 LUT4=1 LUT5=2 LUT6=3 OBUF=1)

    Location             Delay type                Incr(ns)  Path(ns)    Netlist Resource(s)
  -------------------------------------------------------------------    -------------------
    W16                                               0.000     0.000 f  X[2] (IN)
                         net (fo=0)                   0.000     0.000    X[2]
    W16                  IBUF (Prop_ibuf_I_O)         1.464     1.464 f  X_IBUF[2]_inst/O
                         net (fo=5, routed)           3.167     4.631    X_IBUF[2]
    SLICE_X30Y38         LUT4 (Prop_lut4_I0_O)        0.124     4.755 r  S_OBUF[3]_inst_i_4/O
                         net (fo=7, routed)           0.712     5.467    S_OBUF[3]_inst_i_4_n_0
    SLICE_X30Y39         LUT5 (Prop_lut5_I1_O)        0.124     5.591 f  S_OBUF[1]_inst_i_7/O
                         net (fo=2, routed)           0.655     6.246    S_OBUF[1]_inst_i_7_n_0
    SLICE_X31Y39         LUT6 (Prop_lut6_I3_O)        0.124     6.370 f  S_OBUF[1]_inst_i_4/O
                         net (fo=2, routed)           0.809     7.180    S_OBUF[1]_inst_i_4_n_0
    SLICE_X32Y40         LUT6 (Prop_lut6_I0_O)        0.124     7.304 r  S_OBUF[1]_inst_i_3/O
                         net (fo=6, routed)           0.862     8.165    G_OBUF[2]
    SLICE_X30Y39         LUT6 (Prop_lut6_I4_O)        0.124     8.289 f  S_OBUF[2]_inst_i_2/O
                         net (fo=2, routed)           0.630     8.920    S_OBUF[2]_inst_i_2_n_0
    SLICE_X32Y39         LUT5 (Prop_lut5_I2_O)        0.124     9.044 r  S_OBUF[3]_inst_i_3/O
                         net (fo=5, routed)           0.906     9.949    G_OBUF[3]
    SLICE_X32Y39         LUT3 (Prop_lut3_I1_O)        0.124    10.073 r  S_OBUF[2]_inst_i_1/O
                         net (fo=1, routed)           2.878    12.951    S_OBUF[2]
    U19                  OBUF (Prop_obuf_I_O)         3.501    16.452 r  S_OBUF[2]_inst/O
                         net (fo=0)                   0.000    16.452    S[2]
    U19                                                               r  S[2] (OUT)
  -------------------------------------------------------------------    -------------------

Slack:                    inf
  Source:                 X[2]
                            (input port)
  Destination:            S[3]
                            (output port)
  Path Group:             (none)
  Path Type:              Max at Slow Process Corner
  Data Path Delay:        16.275ns  (logic 5.841ns (35.889%)  route 10.434ns (64.111%))
  Logic Levels:           9  (IBUF=1 LUT3=1 LUT4=1 LUT5=2 LUT6=3 OBUF=1)

    Location             Delay type                Incr(ns)  Path(ns)    Netlist Resource(s)
  -------------------------------------------------------------------    -------------------
    W16                                               0.000     0.000 f  X[2] (IN)
                         net (fo=0)                   0.000     0.000    X[2]
    W16                  IBUF (Prop_ibuf_I_O)         1.464     1.464 f  X_IBUF[2]_inst/O
                         net (fo=5, routed)           3.167     4.631    X_IBUF[2]
    SLICE_X30Y38         LUT4 (Prop_lut4_I0_O)        0.124     4.755 r  S_OBUF[3]_inst_i_4/O
                         net (fo=7, routed)           0.712     5.467    S_OBUF[3]_inst_i_4_n_0
    SLICE_X30Y39         LUT5 (Prop_lut5_I1_O)        0.124     5.591 f  S_OBUF[1]_inst_i_7/O
                         net (fo=2, routed)           0.655     6.246    S_OBUF[1]_inst_i_7_n_0
    SLICE_X31Y39         LUT6 (Prop_lut6_I3_O)        0.124     6.370 f  S_OBUF[1]_inst_i_4/O
                         net (fo=2, routed)           0.809     7.180    S_OBUF[1]_inst_i_4_n_0
    SLICE_X32Y40         LUT6 (Prop_lut6_I0_O)        0.124     7.304 r  S_OBUF[1]_inst_i_3/O
                         net (fo=6, routed)           0.862     8.165    G_OBUF[2]
    SLICE_X30Y39         LUT6 (Prop_lut6_I4_O)        0.124     8.289 f  S_OBUF[2]_inst_i_2/O
                         net (fo=2, routed)           0.630     8.920    S_OBUF[2]_inst_i_2_n_0
    SLICE_X32Y39         LUT5 (Prop_lut5_I2_O)        0.124     9.044 r  S_OBUF[3]_inst_i_3/O
                         net (fo=5, routed)           0.511     9.554    G_OBUF[3]
    SLICE_X32Y39         LUT3 (Prop_lut3_I1_O)        0.124     9.678 r  S_OBUF[3]_inst_i_1/O
                         net (fo=1, routed)           3.088    12.766    S_OBUF[3]
    V19                  OBUF (Prop_obuf_I_O)         3.509    16.275 r  S_OBUF[3]_inst/O
                         net (fo=0)                   0.000    16.275    S[3]
    V19                                                               r  S[3] (OUT)
  -------------------------------------------------------------------    -------------------

Slack:                    inf
  Source:                 X[2]
                            (input port)
  Destination:            S[1]
                            (output port)
  Path Group:             (none)
  Path Type:              Max at Slow Process Corner
  Data Path Delay:        16.011ns  (logic 5.862ns (36.610%)  route 10.149ns (63.390%))
  Logic Levels:           9  (IBUF=1 LUT4=1 LUT5=3 LUT6=3 OBUF=1)

    Location             Delay type                Incr(ns)  Path(ns)    Netlist Resource(s)
  -------------------------------------------------------------------    -------------------
    W16                                               0.000     0.000 f  X[2] (IN)
                         net (fo=0)                   0.000     0.000    X[2]
    W16                  IBUF (Prop_ibuf_I_O)         1.464     1.464 f  X_IBUF[2]_inst/O
                         net (fo=5, routed)           3.167     4.631    X_IBUF[2]
    SLICE_X30Y38         LUT4 (Prop_lut4_I0_O)        0.124     4.755 r  S_OBUF[3]_inst_i_4/O
                         net (fo=7, routed)           0.712     5.467    S_OBUF[3]_inst_i_4_n_0
    SLICE_X30Y39         LUT5 (Prop_lut5_I1_O)        0.124     5.591 f  S_OBUF[1]_inst_i_7/O
                         net (fo=2, routed)           0.655     6.246    S_OBUF[1]_inst_i_7_n_0
    SLICE_X31Y39         LUT6 (Prop_lut6_I3_O)        0.124     6.370 f  S_OBUF[1]_inst_i_4/O
                         net (fo=2, routed)           0.809     7.180    S_OBUF[1]_inst_i_4_n_0
    SLICE_X32Y40         LUT6 (Prop_lut6_I0_O)        0.124     7.304 r  S_OBUF[1]_inst_i_3/O
                         net (fo=6, routed)           0.862     8.165    G_OBUF[2]
    SLICE_X30Y39         LUT6 (Prop_lut6_I4_O)        0.124     8.289 f  S_OBUF[2]_inst_i_2/O
                         net (fo=2, routed)           0.630     8.920    S_OBUF[2]_inst_i_2_n_0
    SLICE_X32Y39         LUT5 (Prop_lut5_I2_O)        0.124     9.044 r  S_OBUF[3]_inst_i_3/O
                         net (fo=5, routed)           0.738     9.782    G_OBUF[3]
    SLICE_X32Y42         LUT5 (Prop_lut5_I3_O)        0.124     9.906 r  S_OBUF[1]_inst_i_1/O
                         net (fo=1, routed)           2.575    12.481    S_OBUF[1]
    E19                  OBUF (Prop_obuf_I_O)         3.530    16.011 r  S_OBUF[1]_inst/O
                         net (fo=0)                   0.000    16.011    S[1]
    E19                                                               r  S[1] (OUT)
  -------------------------------------------------------------------    -------------------

Slack:                    inf
  Source:                 X[2]
                            (input port)
  Destination:            G[2]
                            (output port)
  Path Group:             (none)
  Path Type:              Max at Slow Process Corner
  Data Path Delay:        14.189ns  (logic 5.475ns (38.587%)  route 8.714ns (61.413%))
  Logic Levels:           6  (IBUF=1 LUT4=1 LUT5=1 LUT6=2 OBUF=1)

    Location             Delay type                Incr(ns)  Path(ns)    Netlist Resource(s)
  -------------------------------------------------------------------    -------------------
    W16                                               0.000     0.000 f  X[2] (IN)
                         net (fo=0)                   0.000     0.000    X[2]
    W16                  IBUF (Prop_ibuf_I_O)         1.464     1.464 f  X_IBUF[2]_inst/O
                         net (fo=5, routed)           3.167     4.631    X_IBUF[2]
    SLICE_X30Y38         LUT4 (Prop_lut4_I0_O)        0.124     4.755 r  S_OBUF[3]_inst_i_4/O
                         net (fo=7, routed)           0.712     5.467    S_OBUF[3]_inst_i_4_n_0
    SLICE_X30Y39         LUT5 (Prop_lut5_I1_O)        0.124     5.591 f  S_OBUF[1]_inst_i_7/O
                         net (fo=2, routed)           0.655     6.246    S_OBUF[1]_inst_i_7_n_0
    SLICE_X31Y39         LUT6 (Prop_lut6_I3_O)        0.124     6.370 f  S_OBUF[1]_inst_i_4/O
                         net (fo=2, routed)           0.809     7.180    S_OBUF[1]_inst_i_4_n_0
    SLICE_X32Y40         LUT6 (Prop_lut6_I0_O)        0.124     7.304 r  S_OBUF[1]_inst_i_3/O
                         net (fo=6, routed)           3.370    10.674    G_OBUF[2]
    P1                   OBUF (Prop_obuf_I_O)         3.515    14.189 r  G_OBUF[2]_inst/O
                         net (fo=0)                   0.000    14.189    G[2]
    P1                                                                r  G[2] (OUT)
  -------------------------------------------------------------------    -------------------

Slack:                    inf
  Source:                 X[2]
                            (input port)
  Destination:            G[1]
                            (output port)
  Path Group:             (none)
  Path Type:              Max at Slow Process Corner
  Data Path Delay:        12.573ns  (logic 5.219ns (41.511%)  route 7.354ns (58.489%))
  Logic Levels:           4  (IBUF=1 LUT4=1 LUT6=1 OBUF=1)

    Location             Delay type                Incr(ns)  Path(ns)    Netlist Resource(s)
  -------------------------------------------------------------------    -------------------
    W16                                               0.000     0.000 f  X[2] (IN)
                         net (fo=0)                   0.000     0.000    X[2]
    W16                  IBUF (Prop_ibuf_I_O)         1.464     1.464 f  X_IBUF[2]_inst/O
                         net (fo=5, routed)           3.167     4.631    X_IBUF[2]
    SLICE_X30Y38         LUT4 (Prop_lut4_I0_O)        0.124     4.755 r  S_OBUF[3]_inst_i_4/O
                         net (fo=7, routed)           0.311     5.066    S_OBUF[3]_inst_i_4_n_0
    SLICE_X30Y38         LUT6 (Prop_lut6_I1_O)        0.124     5.190 r  G_OBUF[1]_inst_i_2/O
                         net (fo=6, routed)           3.875     9.066    G_OBUF[1]
    N3                   OBUF (Prop_obuf_I_O)         3.507    12.573 r  G_OBUF[1]_inst/O
                         net (fo=0)                   0.000    12.573    G[1]
    N3                                                                r  G[1] (OUT)
  -------------------------------------------------------------------    -------------------

Slack:                    inf
  Source:                 X[2]
                            (input port)
  Destination:            G[0]
                            (output port)
  Path Group:             (none)
  Path Type:              Max at Slow Process Corner
  Data Path Delay:        12.348ns  (logic 5.336ns (43.214%)  route 7.012ns (56.786%))
  Logic Levels:           3  (IBUF=1 LUT4=1 OBUF=1)

    Location             Delay type                Incr(ns)  Path(ns)    Netlist Resource(s)
  -------------------------------------------------------------------    -------------------
    W16                                               0.000     0.000 r  X[2] (IN)
                         net (fo=0)                   0.000     0.000    X[2]
    W16                  IBUF (Prop_ibuf_I_O)         1.464     1.464 r  X_IBUF[2]_inst/O
                         net (fo=5, routed)           3.167     4.631    X_IBUF[2]
    SLICE_X30Y38         LUT4 (Prop_lut4_I3_O)        0.150     4.781 r  G_OBUF[0]_inst_i_1/O
                         net (fo=1, routed)           3.845     8.626    G_OBUF[0]
    P3                   OBUF (Prop_obuf_I_O)         3.722    12.348 r  G_OBUF[0]_inst/O
                         net (fo=0)                   0.000    12.348    G[0]
    P3                                                                r  G[0] (OUT)
  -------------------------------------------------------------------    -------------------





Min Delay Paths
--------------------------------------------------------------------------------------
Slack:                    inf
  Source:                 X[13]
                            (input port)
  Destination:            S[1]
                            (output port)
  Path Group:             (none)
  Path Type:              Min at Fast Process Corner
  Data Path Delay:        3.180ns  (logic 1.497ns (47.065%)  route 1.683ns (52.935%))
  Logic Levels:           3  (IBUF=1 LUT5=1 OBUF=1)

    Location             Delay type                Incr(ns)  Path(ns)    Netlist Resource(s)
  -------------------------------------------------------------------    -------------------
    U1                                                0.000     0.000 r  X[13] (IN)
                         net (fo=0)                   0.000     0.000    X[13]
    U1                   IBUF (Prop_ibuf_I_O)         0.221     0.221 r  X_IBUF[13]_inst/O
                         net (fo=2, routed)           0.875     1.096    X_IBUF[13]
    SLICE_X32Y42         LUT5 (Prop_lut5_I4_O)        0.045     1.141 r  S_OBUF[1]_inst_i_1/O
                         net (fo=1, routed)           0.808     1.949    S_OBUF[1]
    E19                  OBUF (Prop_obuf_I_O)         1.231     3.180 r  S_OBUF[1]_inst/O
                         net (fo=0)                   0.000     3.180    S[1]
    E19                                                               r  S[1] (OUT)
  -------------------------------------------------------------------    -------------------

Slack:                    inf
  Source:                 X[14]
                            (input port)
  Destination:            S[2]
                            (output port)
  Path Group:             (none)
  Path Type:              Min at Fast Process Corner
  Data Path Delay:        3.384ns  (logic 1.470ns (43.447%)  route 1.914ns (56.553%))
  Logic Levels:           3  (IBUF=1 LUT3=1 OBUF=1)

    Location             Delay type                Incr(ns)  Path(ns)    Netlist Resource(s)
  -------------------------------------------------------------------    -------------------
    T1                                                0.000     0.000 r  X[14] (IN)
                         net (fo=0)                   0.000     0.000    X[14]
    T1                   IBUF (Prop_ibuf_I_O)         0.223     0.223 r  X_IBUF[14]_inst/O
                         net (fo=2, routed)           0.998     1.222    X_IBUF[14]
    SLICE_X32Y39         LUT3 (Prop_lut3_I2_O)        0.045     1.267 r  S_OBUF[2]_inst_i_1/O
                         net (fo=1, routed)           0.916     2.182    S_OBUF[2]
    U19                  OBUF (Prop_obuf_I_O)         1.202     3.384 r  S_OBUF[2]_inst/O
                         net (fo=0)                   0.000     3.384    S[2]
    U19                                                               r  S[2] (OUT)
  -------------------------------------------------------------------    -------------------

Slack:                    inf
  Source:                 X[9]
                            (input port)
  Destination:            G[2]
                            (output port)
  Path Group:             (none)
  Path Type:              Min at Fast Process Corner
  Data Path Delay:        3.650ns  (logic 1.482ns (40.599%)  route 2.168ns (59.401%))
  Logic Levels:           3  (IBUF=1 LUT6=1 OBUF=1)

    Location             Delay type                Incr(ns)  Path(ns)    Netlist Resource(s)
  -------------------------------------------------------------------    -------------------
    T3                                                0.000     0.000 r  X[9] (IN)
                         net (fo=0)                   0.000     0.000    X[9]
    T3                   IBUF (Prop_ibuf_I_O)         0.220     0.220 r  X_IBUF[9]_inst/O
                         net (fo=3, routed)           1.018     1.238    X_IBUF[9]
    SLICE_X32Y40         LUT6 (Prop_lut6_I2_O)        0.045     1.283 r  S_OBUF[1]_inst_i_3/O
                         net (fo=6, routed)           1.150     2.433    G_OBUF[2]
    P1                   OBUF (Prop_obuf_I_O)         1.216     3.650 r  G_OBUF[2]_inst/O
                         net (fo=0)                   0.000     3.650    G[2]
    P1                                                                r  G[2] (OUT)
  -------------------------------------------------------------------    -------------------

Slack:                    inf
  Source:                 X[15]
                            (input port)
  Destination:            S[3]
                            (output port)
  Path Group:             (none)
  Path Type:              Min at Fast Process Corner
  Data Path Delay:        3.756ns  (logic 1.479ns (39.384%)  route 2.277ns (60.616%))
  Logic Levels:           3  (IBUF=1 LUT3=1 OBUF=1)

    Location             Delay type                Incr(ns)  Path(ns)    Netlist Resource(s)
  -------------------------------------------------------------------    -------------------
    R2                                                0.000     0.000 r  X[15] (IN)
                         net (fo=0)                   0.000     0.000    X[15]
    R2                   IBUF (Prop_ibuf_I_O)         0.224     0.224 r  X_IBUF[15]_inst/O
                         net (fo=2, routed)           1.199     1.424    X_IBUF[15]
    SLICE_X32Y39         LUT3 (Prop_lut3_I2_O)        0.045     1.469 r  S_OBUF[3]_inst_i_1/O
                         net (fo=1, routed)           1.078     2.546    S_OBUF[3]
    V19                  OBUF (Prop_obuf_I_O)         1.210     3.756 r  S_OBUF[3]_inst/O
                         net (fo=0)                   0.000     3.756    S[3]
    V19                                                               r  S[3] (OUT)
  -------------------------------------------------------------------    -------------------

Slack:                    inf
  Source:                 X[12]
                            (input port)
  Destination:            S[0]
                            (output port)
  Path Group:             (none)
  Path Type:              Min at Fast Process Corner
  Data Path Delay:        3.803ns  (logic 1.547ns (40.670%)  route 2.256ns (59.330%))
  Logic Levels:           3  (IBUF=1 LUT3=1 OBUF=1)

    Location             Delay type                Incr(ns)  Path(ns)    Netlist Resource(s)
  -------------------------------------------------------------------    -------------------
    W2                                                0.000     0.000 r  X[12] (IN)
                         net (fo=0)                   0.000     0.000    X[12]
    W2                   IBUF (Prop_ibuf_I_O)         0.237     0.237 r  X_IBUF[12]_inst/O
                         net (fo=2, routed)           0.987     1.223    X_IBUF[12]
    SLICE_X32Y39         LUT3 (Prop_lut3_I2_O)        0.042     1.265 r  S_OBUF[0]_inst_i_1/O
                         net (fo=1, routed)           1.269     2.535    S_OBUF[0]
    U16                  OBUF (Prop_obuf_I_O)         1.268     3.803 r  S_OBUF[0]_inst/O
                         net (fo=0)                   0.000     3.803    S[0]
    U16                                                               r  S[0] (OUT)
  -------------------------------------------------------------------    -------------------

Slack:                    inf
  Source:                 X[14]
                            (input port)
  Destination:            G[3]
                            (output port)
  Path Group:             (none)
  Path Type:              Min at Fast Process Corner
  Data Path Delay:        4.016ns  (logic 1.491ns (37.116%)  route 2.526ns (62.884%))
  Logic Levels:           3  (IBUF=1 LUT5=1 OBUF=1)

    Location             Delay type                Incr(ns)  Path(ns)    Netlist Resource(s)
  -------------------------------------------------------------------    -------------------
    T1                                                0.000     0.000 r  X[14] (IN)
                         net (fo=0)                   0.000     0.000    X[14]
    T1                   IBUF (Prop_ibuf_I_O)         0.223     0.223 r  X_IBUF[14]_inst/O
                         net (fo=2, routed)           1.005     1.228    X_IBUF[14]
    SLICE_X32Y39         LUT5 (Prop_lut5_I3_O)        0.045     1.273 r  S_OBUF[3]_inst_i_3/O
                         net (fo=5, routed)           1.521     2.794    G_OBUF[3]
    L1                   OBUF (Prop_obuf_I_O)         1.222     4.016 r  G_OBUF[3]_inst/O
                         net (fo=0)                   0.000     4.016    G[3]
    L1                                                                r  G[3] (OUT)
  -------------------------------------------------------------------    -------------------

Slack:                    inf
  Source:                 X[1]
                            (input port)
  Destination:            G[0]
                            (output port)
  Path Group:             (none)
  Path Type:              Min at Fast Process Corner
  Data Path Delay:        4.138ns  (logic 1.557ns (37.641%)  route 2.580ns (62.359%))
  Logic Levels:           3  (IBUF=1 LUT4=1 OBUF=1)

    Location             Delay type                Incr(ns)  Path(ns)    Netlist Resource(s)
  -------------------------------------------------------------------    -------------------
    V16                                               0.000     0.000 r  X[1] (IN)
                         net (fo=0)                   0.000     0.000    X[1]
    V16                  IBUF (Prop_ibuf_I_O)         0.229     0.229 r  X_IBUF[1]_inst/O
                         net (fo=4, routed)           1.211     1.440    X_IBUF[1]
    SLICE_X30Y38         LUT4 (Prop_lut4_I1_O)        0.043     1.483 r  G_OBUF[0]_inst_i_1/O
                         net (fo=1, routed)           1.370     2.853    G_OBUF[0]
    P3                   OBUF (Prop_obuf_I_O)         1.285     4.138 r  G_OBUF[0]_inst/O
                         net (fo=0)                   0.000     4.138    G[0]
    P3                                                                r  G[0] (OUT)
  -------------------------------------------------------------------    -------------------

Slack:                    inf
  Source:                 X[1]
                            (input port)
  Destination:            G[1]
                            (output port)
  Path Group:             (none)
  Path Type:              Min at Fast Process Corner
  Data Path Delay:        4.147ns  (logic 1.528ns (36.841%)  route 2.619ns (63.159%))
  Logic Levels:           4  (IBUF=1 LUT5=1 LUT6=1 OBUF=1)

    Location             Delay type                Incr(ns)  Path(ns)    Netlist Resource(s)
  -------------------------------------------------------------------    -------------------
    V16                                               0.000     0.000 f  X[1] (IN)
                         net (fo=0)                   0.000     0.000    X[1]
    V16                  IBUF (Prop_ibuf_I_O)         0.229     0.229 f  X_IBUF[1]_inst/O
                         net (fo=4, routed)           1.162     1.391    X_IBUF[1]
    SLICE_X30Y38         LUT5 (Prop_lut5_I1_O)        0.045     1.436 f  G_OBUF[1]_inst_i_3/O
                         net (fo=1, routed)           0.054     1.490    G_OBUF[1]_inst_i_3_n_0
    SLICE_X30Y38         LUT6 (Prop_lut6_I5_O)        0.045     1.535 r  G_OBUF[1]_inst_i_2/O
                         net (fo=6, routed)           1.403     2.939    G_OBUF[1]
    N3                   OBUF (Prop_obuf_I_O)         1.208     4.147 r  G_OBUF[1]_inst/O
                         net (fo=0)                   0.000     4.147    G[1]
    N3                                                                r  G[1] (OUT)
  -------------------------------------------------------------------    -------------------





