Copyright 1986-2022 Xilinx, Inc. All Rights Reserved. Copyright 2022-2023 Advanced Micro Devices, Inc. All Rights Reserved.
---------------------------------------------------------------------------------------------------------------------------------------------
| Tool Version : Vivado v.2023.1 (win64) Build 3865809 Sun May  7 15:05:29 MDT 2023
| Date         : Sun Nov 16 21:16:28 2025
| Host         : SENTINEL running 64-bit major release  (build 9200)
| Command      : report_control_sets -verbose -file tragaperrasASMBasys3_control_sets_placed.rpt
| Design       : tragaperrasASMBasys3
| Device       : xc7a35t
---------------------------------------------------------------------------------------------------------------------------------------------

Control Set Information

Table of Contents
-----------------
1. Summary
2. Histogram
3. Flip-Flop Distribution
4. Detailed Control Set Information

1. Summary
----------

+----------------------------------------------------------+-------+
|                          Status                          | Count |
+----------------------------------------------------------+-------+
| Total control sets                                       |     6 |
|    Minimum number of control sets                        |     6 |
|    Addition due to synthesis replication                 |     0 |
|    Addition due to physical synthesis replication        |     0 |
| Unused register locations in slices containing registers |    14 |
+----------------------------------------------------------+-------+
* Control sets can be merged at opt_design using control_set_merge or merge_equivalent_drivers
** Run report_qor_suggestions for automated merging and remapping suggestions


2. Histogram
------------

+--------------------+-------+
|       Fanout       | Count |
+--------------------+-------+
| Total control sets |     6 |
| >= 0 to < 4        |     0 |
| >= 4 to < 6        |     1 |
| >= 6 to < 8        |     0 |
| >= 8 to < 10       |     0 |
| >= 10 to < 12      |     0 |
| >= 12 to < 14      |     0 |
| >= 14 to < 16      |     0 |
| >= 16              |     5 |
+--------------------+-------+
* Control sets can be remapped at either synth_design or opt_design


3. Flip-Flop Distribution
-------------------------

+--------------+-----------------------+------------------------+-----------------+--------------+
| Clock Enable | Synchronous Set/Reset | Asynchronous Set/Reset | Total Registers | Total Slices |
+--------------+-----------------------+------------------------+-----------------+--------------+
| No           | No                    | No                     |               0 |            0 |
| No           | No                    | Yes                    |              10 |            3 |
| No           | Yes                   | No                     |              46 |           12 |
| Yes          | No                    | No                     |               0 |            0 |
| Yes          | No                    | Yes                    |              50 |           13 |
| Yes          | Yes                   | No                     |              48 |           15 |
+--------------+-----------------------+------------------------+-----------------+--------------+


4. Detailed Control Set Information
-----------------------------------

+----------------+--------------------------------------------------+---------------------------------+------------------+----------------+--------------+
|  Clock Signal  |                   Enable Signal                  |         Set/Reset Signal        | Slice Load Count | Bel Load Count | Bels / Slice |
+----------------+--------------------------------------------------+---------------------------------+------------------+----------------+--------------+
|  clk_IBUF_BUFG | tragaperrasASM_i/RULETA01_COMP/cuenta[3]_i_1_n_0 | rst_IBUF                        |                1 |              4 |         4.00 |
|  clk_IBUF_BUFG | debouncer_fin/count[0]_i_1__0_n_0                | rst_IBUF                        |                6 |             23 |         3.83 |
|  clk_IBUF_BUFG | debouncer_incio/count[0]_i_1_n_0                 | rst_IBUF                        |                6 |             23 |         3.83 |
|  clk_IBUF_BUFG |                                                  | efectosLEDs_i/cuenta[0]_i_1_n_0 |                7 |             26 |         3.71 |
|  clk_IBUF_BUFG |                                                  | rst_IBUF                        |                8 |             30 |         3.75 |
|  clk_IBUF_BUFG | efectosLEDs_i/eqOp                               | rst_IBUF                        |               15 |             48 |         3.20 |
+----------------+--------------------------------------------------+---------------------------------+------------------+----------------+--------------+


