Copyright 1986-2022 Xilinx, Inc. All Rights Reserved. Copyright 2022-2023 Advanced Micro Devices, Inc. All Rights Reserved.
---------------------------------------------------------------------------------------------------------------------------------------------------------------------------------------------------------------------------------------------------------------------------
| Tool Version : Vivado v.2023.1 (win64) Build 3865809 Sun May  7 15:05:29 MDT 2023
| Date         : Fri Oct 31 13:29:12 2025
| Host         : DESKTOP-UM0HR61 running 64-bit major release  (build 9200)
| Command      : report_timing_summary -max_paths 10 -report_unconstrained -file red_iterativa_comparadores_timing_summary_routed.rpt -pb red_iterativa_comparadores_timing_summary_routed.pb -rpx red_iterativa_comparadores_timing_summary_routed.rpx -warn_on_violation
| Design       : red_iterativa_comparadores
| Device       : 7a35t-cpg236
| Speed File   : -1  PRODUCTION 1.23 2018-06-13
| Design State : Routed
---------------------------------------------------------------------------------------------------------------------------------------------------------------------------------------------------------------------------------------------------------------------------

Timing Summary Report

------------------------------------------------------------------------------------------------
| Timer Settings
| --------------
------------------------------------------------------------------------------------------------

  Enable Multi Corner Analysis               :  Yes
  Enable Pessimism Removal                   :  Yes
  Pessimism Removal Resolution               :  Nearest Common Node
  Enable Input Delay Default Clock           :  No
  Enable Preset / Clear Arcs                 :  No
  Disable Flight Delays                      :  No
  Ignore I/O Paths                           :  No
  Timing Early Launch at Borrowing Latches   :  No
  Borrow Time for Max Delay Exceptions       :  Yes
  Merge Timing Exceptions                    :  Yes

  Corner  Analyze    Analyze    
  Name    Max Paths  Min Paths  
  ------  ---------  ---------  
  Slow    Yes        Yes        
  Fast    Yes        Yes        


------------------------------------------------------------------------------------------------
| Report Methodology
| ------------------
------------------------------------------------------------------------------------------------

No report available as report_methodology has not been run prior. Run report_methodology on the current design for the summary of methodology violations.



check_timing report

Table of Contents
-----------------
1. checking no_clock (0)
2. checking constant_clock (0)
3. checking pulse_width_clock (0)
4. checking unconstrained_internal_endpoints (0)
5. checking no_input_delay (0)
6. checking no_output_delay (0)
7. checking multiple_clock (0)
8. checking generated_clocks (0)
9. checking loops (0)
10. checking partial_input_delay (0)
11. checking partial_output_delay (0)
12. checking latch_loops (0)

1. checking no_clock (0)
------------------------
 There are 0 register/latch pins with no clock.


2. checking constant_clock (0)
------------------------------
 There are 0 register/latch pins with constant_clock.


3. checking pulse_width_clock (0)
---------------------------------
 There are 0 register/latch pins which need pulse_width check


4. checking unconstrained_internal_endpoints (0)
------------------------------------------------
 There are 0 pins that are not constrained for maximum delay.

 There are 0 pins that are not constrained for maximum delay due to constant clock.


5. checking no_input_delay (0)
------------------------------
 There are 0 input ports with no input delay specified.

 There are 0 input ports with no input delay but user has a false path constraint.


6. checking no_output_delay (0)
-------------------------------
 There are 0 ports with no output delay specified.

 There are 0 ports with no output delay but user has a false path constraint

 There are 0 ports with no output delay but with a timing clock defined on it or propagating through it


7. checking multiple_clock (0)
------------------------------
 There are 0 register/latch pins with multiple clocks.


8. checking generated_clocks (0)
--------------------------------
 There are 0 generated clocks that are not connected to a clock source.


9. checking loops (0)
---------------------
 There are 0 combinational loops in the design.


10. checking partial_input_delay (0)
------------------------------------
 There are 0 input ports with partial input delay specified.


11. checking partial_output_delay (0)
-------------------------------------
 There are 0 ports with partial output delay specified.


12. checking latch_loops (0)
----------------------------
 There are 0 combinational latch loops in the design through latch input



------------------------------------------------------------------------------------------------
| Design Timing Summary
| ---------------------
------------------------------------------------------------------------------------------------

    WNS(ns)      TNS(ns)  TNS Failing Endpoints  TNS Total Endpoints      WHS(ns)      THS(ns)  THS Failing Endpoints  THS Total Endpoints     WPWS(ns)     TPWS(ns)  TPWS Failing Endpoints  TPWS Total Endpoints  
    -------      -------  ---------------------  -------------------      -------      -------  ---------------------  -------------------     --------     --------  ----------------------  --------------------  
        inf        0.000                      0                    4          inf        0.000                      0                    4           NA           NA                      NA                    NA  


There are no user specified timing constraints.


------------------------------------------------------------------------------------------------
| Clock Summary
| -------------
------------------------------------------------------------------------------------------------


------------------------------------------------------------------------------------------------
| Intra Clock Table
| -----------------
------------------------------------------------------------------------------------------------

Clock             WNS(ns)      TNS(ns)  TNS Failing Endpoints  TNS Total Endpoints      WHS(ns)      THS(ns)  THS Failing Endpoints  THS Total Endpoints     WPWS(ns)     TPWS(ns)  TPWS Failing Endpoints  TPWS Total Endpoints  
-----             -------      -------  ---------------------  -------------------      -------      -------  ---------------------  -------------------     --------     --------  ----------------------  --------------------  


------------------------------------------------------------------------------------------------
| Inter Clock Table
| -----------------
------------------------------------------------------------------------------------------------

From Clock    To Clock          WNS(ns)      TNS(ns)  TNS Failing Endpoints  TNS Total Endpoints      WHS(ns)      THS(ns)  THS Failing Endpoints  THS Total Endpoints  
----------    --------          -------      -------  ---------------------  -------------------      -------      -------  ---------------------  -------------------  


------------------------------------------------------------------------------------------------
| Other Path Groups Table
| -----------------------
------------------------------------------------------------------------------------------------

Path Group    From Clock    To Clock          WNS(ns)      TNS(ns)  TNS Failing Endpoints  TNS Total Endpoints      WHS(ns)      THS(ns)  THS Failing Endpoints  THS Total Endpoints  
----------    ----------    --------          -------      -------  ---------------------  -------------------      -------      -------  ---------------------  -------------------  


------------------------------------------------------------------------------------------------
| User Ignored Path Table
| -----------------------
------------------------------------------------------------------------------------------------

Path Group    From Clock    To Clock    
----------    ----------    --------    


------------------------------------------------------------------------------------------------
| Unconstrained Path Table
| ------------------------
------------------------------------------------------------------------------------------------

Path Group    From Clock    To Clock    
----------    ----------    --------    
(none)                                    


------------------------------------------------------------------------------------------------
| Timing Details
| --------------
------------------------------------------------------------------------------------------------


--------------------------------------------------------------------------------------
Path Group:  (none)
From Clock:  
  To Clock:  

Max Delay             4 Endpoints
Min Delay             4 Endpoints
--------------------------------------------------------------------------------------


Max Delay Paths
--------------------------------------------------------------------------------------
Slack:                    inf
  Source:                 X[11]
                            (input port)
  Destination:            S[0]
                            (output port)
  Path Group:             (none)
  Path Type:              Max at Slow Process Corner
  Data Path Delay:        14.350ns  (logic 5.447ns (37.955%)  route 8.903ns (62.045%))
  Logic Levels:           4  (IBUF=1 LUT5=2 OBUF=1)

    Location             Delay type                Incr(ns)  Path(ns)    Netlist Resource(s)
  -------------------------------------------------------------------    -------------------
    R3                                                0.000     0.000 r  X[11] (IN)
                         net (fo=0)                   0.000     0.000    X[11]
    R3                   IBUF (Prop_ibuf_I_O)         1.464     1.464 r  X_IBUF[11]_inst/O
                         net (fo=5, routed)           4.574     6.037    X_IBUF[11]
    SLICE_X1Y11          LUT5 (Prop_lut5_I4_O)        0.124     6.161 r  S_OBUF[3]_inst_i_2/O
                         net (fo=4, routed)           1.670     7.831    A[3]
    SLICE_X1Y29          LUT5 (Prop_lut5_I1_O)        0.152     7.983 r  S_OBUF[0]_inst_i_1/O
                         net (fo=1, routed)           2.660    10.643    S_OBUF[0]
    U16                  OBUF (Prop_obuf_I_O)         3.707    14.350 r  S_OBUF[0]_inst/O
                         net (fo=0)                   0.000    14.350    S[0]
    U16                                                               r  S[0] (OUT)
  -------------------------------------------------------------------    -------------------

Slack:                    inf
  Source:                 X[11]
                            (input port)
  Destination:            S[3]
                            (output port)
  Path Group:             (none)
  Path Type:              Max at Slow Process Corner
  Data Path Delay:        13.563ns  (logic 5.221ns (38.492%)  route 8.343ns (61.508%))
  Logic Levels:           4  (IBUF=1 LUT2=1 LUT5=1 OBUF=1)

    Location             Delay type                Incr(ns)  Path(ns)    Netlist Resource(s)
  -------------------------------------------------------------------    -------------------
    R3                                                0.000     0.000 r  X[11] (IN)
                         net (fo=0)                   0.000     0.000    X[11]
    R3                   IBUF (Prop_ibuf_I_O)         1.464     1.464 r  X_IBUF[11]_inst/O
                         net (fo=5, routed)           4.574     6.037    X_IBUF[11]
    SLICE_X1Y11          LUT5 (Prop_lut5_I4_O)        0.124     6.161 r  S_OBUF[3]_inst_i_2/O
                         net (fo=4, routed)           1.670     7.831    A[3]
    SLICE_X1Y29          LUT2 (Prop_lut2_I0_O)        0.124     7.955 r  S_OBUF[3]_inst_i_1/O
                         net (fo=1, routed)           2.099    10.054    S_OBUF[3]
    V19                  OBUF (Prop_obuf_I_O)         3.509    13.563 r  S_OBUF[3]_inst/O
                         net (fo=0)                   0.000    13.563    S[3]
    V19                                                               r  S[3] (OUT)
  -------------------------------------------------------------------    -------------------

Slack:                    inf
  Source:                 X[11]
                            (input port)
  Destination:            S[1]
                            (output port)
  Path Group:             (none)
  Path Type:              Max at Slow Process Corner
  Data Path Delay:        13.232ns  (logic 5.242ns (39.613%)  route 7.990ns (60.387%))
  Logic Levels:           4  (IBUF=1 LUT5=2 OBUF=1)

    Location             Delay type                Incr(ns)  Path(ns)    Netlist Resource(s)
  -------------------------------------------------------------------    -------------------
    R3                                                0.000     0.000 r  X[11] (IN)
                         net (fo=0)                   0.000     0.000    X[11]
    R3                   IBUF (Prop_ibuf_I_O)         1.464     1.464 r  X_IBUF[11]_inst/O
                         net (fo=5, routed)           4.574     6.037    X_IBUF[11]
    SLICE_X1Y11          LUT5 (Prop_lut5_I4_O)        0.124     6.161 r  S_OBUF[3]_inst_i_2/O
                         net (fo=4, routed)           1.354     7.515    A[3]
    SLICE_X1Y29          LUT5 (Prop_lut5_I1_O)        0.124     7.639 r  S_OBUF[1]_inst_i_1/O
                         net (fo=1, routed)           2.063     9.702    S_OBUF[1]
    E19                  OBUF (Prop_obuf_I_O)         3.530    13.232 r  S_OBUF[1]_inst/O
                         net (fo=0)                   0.000    13.232    S[1]
    E19                                                               r  S[1] (OUT)
  -------------------------------------------------------------------    -------------------

Slack:                    inf
  Source:                 X[11]
                            (input port)
  Destination:            S[2]
                            (output port)
  Path Group:             (none)
  Path Type:              Max at Slow Process Corner
  Data Path Delay:        13.152ns  (logic 5.213ns (39.636%)  route 7.939ns (60.364%))
  Logic Levels:           4  (IBUF=1 LUT4=1 LUT5=1 OBUF=1)

    Location             Delay type                Incr(ns)  Path(ns)    Netlist Resource(s)
  -------------------------------------------------------------------    -------------------
    R3                                                0.000     0.000 r  X[11] (IN)
                         net (fo=0)                   0.000     0.000    X[11]
    R3                   IBUF (Prop_ibuf_I_O)         1.464     1.464 r  X_IBUF[11]_inst/O
                         net (fo=5, routed)           4.574     6.037    X_IBUF[11]
    SLICE_X1Y11          LUT5 (Prop_lut5_I4_O)        0.124     6.161 r  S_OBUF[3]_inst_i_2/O
                         net (fo=4, routed)           1.267     7.428    A[3]
    SLICE_X1Y29          LUT4 (Prop_lut4_I0_O)        0.124     7.552 r  S_OBUF[2]_inst_i_1/O
                         net (fo=1, routed)           2.098     9.651    S_OBUF[2]
    U19                  OBUF (Prop_obuf_I_O)         3.501    13.152 r  S_OBUF[2]_inst/O
                         net (fo=0)                   0.000    13.152    S[2]
    U19                                                               r  S[2] (OUT)
  -------------------------------------------------------------------    -------------------





Min Delay Paths
--------------------------------------------------------------------------------------
Slack:                    inf
  Source:                 X[3]
                            (input port)
  Destination:            S[2]
                            (output port)
  Path Group:             (none)
  Path Type:              Min at Fast Process Corner
  Data Path Delay:        2.958ns  (logic 1.509ns (51.011%)  route 1.449ns (48.989%))
  Logic Levels:           4  (IBUF=1 LUT4=1 LUT5=1 OBUF=1)

    Location             Delay type                Incr(ns)  Path(ns)    Netlist Resource(s)
  -------------------------------------------------------------------    -------------------
    W17                                               0.000     0.000 r  X[3] (IN)
                         net (fo=0)                   0.000     0.000    X[3]
    W17                  IBUF (Prop_ibuf_I_O)         0.217     0.217 r  X_IBUF[3]_inst/O
                         net (fo=4, routed)           0.399     0.616    X_IBUF[3]
    SLICE_X1Y11          LUT5 (Prop_lut5_I2_O)        0.045     0.661 r  S_OBUF[3]_inst_i_2/O
                         net (fo=4, routed)           0.528     1.188    A[3]
    SLICE_X1Y29          LUT4 (Prop_lut4_I0_O)        0.045     1.233 r  S_OBUF[2]_inst_i_1/O
                         net (fo=1, routed)           0.522     1.756    S_OBUF[2]
    U19                  OBUF (Prop_obuf_I_O)         1.202     2.958 r  S_OBUF[2]_inst/O
                         net (fo=0)                   0.000     2.958    S[2]
    U19                                                               r  S[2] (OUT)
  -------------------------------------------------------------------    -------------------

Slack:                    inf
  Source:                 X[3]
                            (input port)
  Destination:            S[1]
                            (output port)
  Path Group:             (none)
  Path Type:              Min at Fast Process Corner
  Data Path Delay:        2.986ns  (logic 1.537ns (51.489%)  route 1.448ns (48.511%))
  Logic Levels:           4  (IBUF=1 LUT5=2 OBUF=1)

    Location             Delay type                Incr(ns)  Path(ns)    Netlist Resource(s)
  -------------------------------------------------------------------    -------------------
    W17                                               0.000     0.000 r  X[3] (IN)
                         net (fo=0)                   0.000     0.000    X[3]
    W17                  IBUF (Prop_ibuf_I_O)         0.217     0.217 r  X_IBUF[3]_inst/O
                         net (fo=4, routed)           0.399     0.616    X_IBUF[3]
    SLICE_X1Y11          LUT5 (Prop_lut5_I2_O)        0.045     0.661 r  S_OBUF[3]_inst_i_2/O
                         net (fo=4, routed)           0.542     1.202    A[3]
    SLICE_X1Y29          LUT5 (Prop_lut5_I1_O)        0.045     1.247 r  S_OBUF[1]_inst_i_1/O
                         net (fo=1, routed)           0.508     1.755    S_OBUF[1]
    E19                  OBUF (Prop_obuf_I_O)         1.231     2.986 r  S_OBUF[1]_inst/O
                         net (fo=0)                   0.000     2.986    S[1]
    E19                                                               r  S[1] (OUT)
  -------------------------------------------------------------------    -------------------

Slack:                    inf
  Source:                 X[3]
                            (input port)
  Destination:            S[3]
                            (output port)
  Path Group:             (none)
  Path Type:              Min at Fast Process Corner
  Data Path Delay:        3.103ns  (logic 1.517ns (48.887%)  route 1.586ns (51.113%))
  Logic Levels:           4  (IBUF=1 LUT2=1 LUT5=1 OBUF=1)

    Location             Delay type                Incr(ns)  Path(ns)    Netlist Resource(s)
  -------------------------------------------------------------------    -------------------
    W17                                               0.000     0.000 r  X[3] (IN)
                         net (fo=0)                   0.000     0.000    X[3]
    W17                  IBUF (Prop_ibuf_I_O)         0.217     0.217 r  X_IBUF[3]_inst/O
                         net (fo=4, routed)           0.399     0.616    X_IBUF[3]
    SLICE_X1Y11          LUT5 (Prop_lut5_I2_O)        0.045     0.661 r  S_OBUF[3]_inst_i_2/O
                         net (fo=4, routed)           0.667     1.327    A[3]
    SLICE_X1Y29          LUT2 (Prop_lut2_I0_O)        0.045     1.372 r  S_OBUF[3]_inst_i_1/O
                         net (fo=1, routed)           0.520     1.892    S_OBUF[3]
    V19                  OBUF (Prop_obuf_I_O)         1.210     3.103 r  S_OBUF[3]_inst/O
                         net (fo=0)                   0.000     3.103    S[3]
    V19                                                               r  S[3] (OUT)
  -------------------------------------------------------------------    -------------------

Slack:                    inf
  Source:                 X[3]
                            (input port)
  Destination:            S[0]
                            (output port)
  Path Group:             (none)
  Path Type:              Min at Fast Process Corner
  Data Path Delay:        3.410ns  (logic 1.574ns (46.142%)  route 1.837ns (53.858%))
  Logic Levels:           4  (IBUF=1 LUT5=2 OBUF=1)

    Location             Delay type                Incr(ns)  Path(ns)    Netlist Resource(s)
  -------------------------------------------------------------------    -------------------
    W17                                               0.000     0.000 r  X[3] (IN)
                         net (fo=0)                   0.000     0.000    X[3]
    W17                  IBUF (Prop_ibuf_I_O)         0.217     0.217 r  X_IBUF[3]_inst/O
                         net (fo=4, routed)           0.399     0.616    X_IBUF[3]
    SLICE_X1Y11          LUT5 (Prop_lut5_I2_O)        0.045     0.661 r  S_OBUF[3]_inst_i_2/O
                         net (fo=4, routed)           0.667     1.327    A[3]
    SLICE_X1Y29          LUT5 (Prop_lut5_I1_O)        0.044     1.371 r  S_OBUF[0]_inst_i_1/O
                         net (fo=1, routed)           0.771     2.142    S_OBUF[0]
    U16                  OBUF (Prop_obuf_I_O)         1.268     3.410 r  S_OBUF[0]_inst/O
                         net (fo=0)                   0.000     3.410    S[0]
    U16                                                               r  S[0] (OUT)
  -------------------------------------------------------------------    -------------------





