Copyright 1986-2022 Xilinx, Inc. All Rights Reserved. Copyright 2022-2023 Advanced Micro Devices, Inc. All Rights Reserved.
---------------------------------------------------------------------------------------------------------------------------------------------------------------------------------------------------------------------------------------------------------------
| Tool Version : Vivado v.2023.1 (win64) Build 3865809 Sun May  7 15:05:29 MDT 2023
| Date         : Sun Nov  2 10:33:14 2025
| Host         : DESKTOP-UM0HR61 running 64-bit major release  (build 9200)
| Command      : report_timing_summary -max_paths 10 -report_unconstrained -file red_arbol_comparadores_timing_summary_routed.rpt -pb red_arbol_comparadores_timing_summary_routed.pb -rpx red_arbol_comparadores_timing_summary_routed.rpx -warn_on_violation
| Design       : red_arbol_comparadores
| Device       : 7a35t-cpg236
| Speed File   : -1  PRODUCTION 1.23 2018-06-13
| Design State : Routed
---------------------------------------------------------------------------------------------------------------------------------------------------------------------------------------------------------------------------------------------------------------

Timing Summary Report

------------------------------------------------------------------------------------------------
| Timer Settings
| --------------
------------------------------------------------------------------------------------------------

  Enable Multi Corner Analysis               :  Yes
  Enable Pessimism Removal                   :  Yes
  Pessimism Removal Resolution               :  Nearest Common Node
  Enable Input Delay Default Clock           :  No
  Enable Preset / Clear Arcs                 :  No
  Disable Flight Delays                      :  No
  Ignore I/O Paths                           :  No
  Timing Early Launch at Borrowing Latches   :  No
  Borrow Time for Max Delay Exceptions       :  Yes
  Merge Timing Exceptions                    :  Yes

  Corner  Analyze    Analyze    
  Name    Max Paths  Min Paths  
  ------  ---------  ---------  
  Slow    Yes        Yes        
  Fast    Yes        Yes        


------------------------------------------------------------------------------------------------
| Report Methodology
| ------------------
------------------------------------------------------------------------------------------------

No report available as report_methodology has not been run prior. Run report_methodology on the current design for the summary of methodology violations.



check_timing report

Table of Contents
-----------------
1. checking no_clock (0)
2. checking constant_clock (0)
3. checking pulse_width_clock (0)
4. checking unconstrained_internal_endpoints (0)
5. checking no_input_delay (0)
6. checking no_output_delay (0)
7. checking multiple_clock (0)
8. checking generated_clocks (0)
9. checking loops (0)
10. checking partial_input_delay (0)
11. checking partial_output_delay (0)
12. checking latch_loops (0)

1. checking no_clock (0)
------------------------
 There are 0 register/latch pins with no clock.


2. checking constant_clock (0)
------------------------------
 There are 0 register/latch pins with constant_clock.


3. checking pulse_width_clock (0)
---------------------------------
 There are 0 register/latch pins which need pulse_width check


4. checking unconstrained_internal_endpoints (0)
------------------------------------------------
 There are 0 pins that are not constrained for maximum delay.

 There are 0 pins that are not constrained for maximum delay due to constant clock.


5. checking no_input_delay (0)
------------------------------
 There are 0 input ports with no input delay specified.

 There are 0 input ports with no input delay but user has a false path constraint.


6. checking no_output_delay (0)
-------------------------------
 There are 0 ports with no output delay specified.

 There are 0 ports with no output delay but user has a false path constraint

 There are 0 ports with no output delay but with a timing clock defined on it or propagating through it


7. checking multiple_clock (0)
------------------------------
 There are 0 register/latch pins with multiple clocks.


8. checking generated_clocks (0)
--------------------------------
 There are 0 generated clocks that are not connected to a clock source.


9. checking loops (0)
---------------------
 There are 0 combinational loops in the design.


10. checking partial_input_delay (0)
------------------------------------
 There are 0 input ports with partial input delay specified.


11. checking partial_output_delay (0)
-------------------------------------
 There are 0 ports with partial output delay specified.


12. checking latch_loops (0)
----------------------------
 There are 0 combinational latch loops in the design through latch input



------------------------------------------------------------------------------------------------
| Design Timing Summary
| ---------------------
------------------------------------------------------------------------------------------------

    WNS(ns)      TNS(ns)  TNS Failing Endpoints  TNS Total Endpoints      WHS(ns)      THS(ns)  THS Failing Endpoints  THS Total Endpoints     WPWS(ns)     TPWS(ns)  TPWS Failing Endpoints  TPWS Total Endpoints  
    -------      -------  ---------------------  -------------------      -------      -------  ---------------------  -------------------     --------     --------  ----------------------  --------------------  
        inf        0.000                      0                    4          inf        0.000                      0                    4           NA           NA                      NA                    NA  


There are no user specified timing constraints.


------------------------------------------------------------------------------------------------
| Clock Summary
| -------------
------------------------------------------------------------------------------------------------


------------------------------------------------------------------------------------------------
| Intra Clock Table
| -----------------
------------------------------------------------------------------------------------------------

Clock             WNS(ns)      TNS(ns)  TNS Failing Endpoints  TNS Total Endpoints      WHS(ns)      THS(ns)  THS Failing Endpoints  THS Total Endpoints     WPWS(ns)     TPWS(ns)  TPWS Failing Endpoints  TPWS Total Endpoints  
-----             -------      -------  ---------------------  -------------------      -------      -------  ---------------------  -------------------     --------     --------  ----------------------  --------------------  


------------------------------------------------------------------------------------------------
| Inter Clock Table
| -----------------
------------------------------------------------------------------------------------------------

From Clock    To Clock          WNS(ns)      TNS(ns)  TNS Failing Endpoints  TNS Total Endpoints      WHS(ns)      THS(ns)  THS Failing Endpoints  THS Total Endpoints  
----------    --------          -------      -------  ---------------------  -------------------      -------      -------  ---------------------  -------------------  


------------------------------------------------------------------------------------------------
| Other Path Groups Table
| -----------------------
------------------------------------------------------------------------------------------------

Path Group    From Clock    To Clock          WNS(ns)      TNS(ns)  TNS Failing Endpoints  TNS Total Endpoints      WHS(ns)      THS(ns)  THS Failing Endpoints  THS Total Endpoints  
----------    ----------    --------          -------      -------  ---------------------  -------------------      -------      -------  ---------------------  -------------------  


------------------------------------------------------------------------------------------------
| User Ignored Path Table
| -----------------------
------------------------------------------------------------------------------------------------

Path Group    From Clock    To Clock    
----------    ----------    --------    


------------------------------------------------------------------------------------------------
| Unconstrained Path Table
| ------------------------
------------------------------------------------------------------------------------------------

Path Group    From Clock    To Clock    
----------    ----------    --------    
(none)                                    


------------------------------------------------------------------------------------------------
| Timing Details
| --------------
------------------------------------------------------------------------------------------------


--------------------------------------------------------------------------------------
Path Group:  (none)
From Clock:  
  To Clock:  

Max Delay             4 Endpoints
Min Delay             4 Endpoints
--------------------------------------------------------------------------------------


Max Delay Paths
--------------------------------------------------------------------------------------
Slack:                    inf
  Source:                 X[10]
                            (input port)
  Destination:            S[0]
                            (output port)
  Path Group:             (none)
  Path Type:              Max at Slow Process Corner
  Data Path Delay:        14.178ns  (logic 5.687ns (40.109%)  route 8.491ns (59.891%))
  Logic Levels:           6  (IBUF=1 LUT5=1 LUT6=3 OBUF=1)

    Location             Delay type                Incr(ns)  Path(ns)    Netlist Resource(s)
  -------------------------------------------------------------------    -------------------
    T2                                                0.000     0.000 f  X[10] (IN)
                         net (fo=0)                   0.000     0.000    X[10]
    T2                   IBUF (Prop_ibuf_I_O)         1.458     1.458 f  X_IBUF[10]_inst/O
                         net (fo=2, routed)           4.062     5.520    X_IBUF[10]
    SLICE_X0Y18          LUT6 (Prop_lut6_I4_O)        0.124     5.644 r  S_OBUF[2]_inst_i_5/O
                         net (fo=3, routed)           0.466     6.110    S_OBUF[2]_inst_i_5_n_0
    SLICE_X0Y18          LUT5 (Prop_lut5_I2_O)        0.150     6.260 r  S_OBUF[0]_inst_i_2/O
                         net (fo=2, routed)           1.013     7.273    aux[1,0][0]
    SLICE_X0Y19          LUT6 (Prop_lut6_I1_O)        0.326     7.599 r  S_OBUF[1]_inst_i_3/O
                         net (fo=2, routed)           0.678     8.277    S_OBUF[1]_inst_i_3_n_0
    SLICE_X0Y19          LUT6 (Prop_lut6_I3_O)        0.124     8.401 r  S_OBUF[0]_inst_i_1/O
                         net (fo=1, routed)           2.272    10.673    S_OBUF[0]
    U16                  OBUF (Prop_obuf_I_O)         3.505    14.178 r  S_OBUF[0]_inst/O
                         net (fo=0)                   0.000    14.178    S[0]
    U16                                                               r  S[0] (OUT)
  -------------------------------------------------------------------    -------------------

Slack:                    inf
  Source:                 X[10]
                            (input port)
  Destination:            S[1]
                            (output port)
  Path Group:             (none)
  Path Type:              Max at Slow Process Corner
  Data Path Delay:        14.037ns  (logic 5.712ns (40.691%)  route 8.325ns (59.309%))
  Logic Levels:           6  (IBUF=1 LUT5=1 LUT6=3 OBUF=1)

    Location             Delay type                Incr(ns)  Path(ns)    Netlist Resource(s)
  -------------------------------------------------------------------    -------------------
    T2                                                0.000     0.000 f  X[10] (IN)
                         net (fo=0)                   0.000     0.000    X[10]
    T2                   IBUF (Prop_ibuf_I_O)         1.458     1.458 f  X_IBUF[10]_inst/O
                         net (fo=2, routed)           4.062     5.520    X_IBUF[10]
    SLICE_X0Y18          LUT6 (Prop_lut6_I4_O)        0.124     5.644 r  S_OBUF[2]_inst_i_5/O
                         net (fo=3, routed)           0.466     6.110    S_OBUF[2]_inst_i_5_n_0
    SLICE_X0Y18          LUT5 (Prop_lut5_I2_O)        0.150     6.260 r  S_OBUF[0]_inst_i_2/O
                         net (fo=2, routed)           1.013     7.273    aux[1,0][0]
    SLICE_X0Y19          LUT6 (Prop_lut6_I1_O)        0.326     7.599 r  S_OBUF[1]_inst_i_3/O
                         net (fo=2, routed)           0.291     7.890    S_OBUF[1]_inst_i_3_n_0
    SLICE_X0Y19          LUT6 (Prop_lut6_I3_O)        0.124     8.014 r  S_OBUF[1]_inst_i_1/O
                         net (fo=1, routed)           2.493    10.507    S_OBUF[1]
    E19                  OBUF (Prop_obuf_I_O)         3.530    14.037 r  S_OBUF[1]_inst/O
                         net (fo=0)                   0.000    14.037    S[1]
    E19                                                               r  S[1] (OUT)
  -------------------------------------------------------------------    -------------------

Slack:                    inf
  Source:                 X[13]
                            (input port)
  Destination:            S[2]
                            (output port)
  Path Group:             (none)
  Path Type:              Max at Slow Process Corner
  Data Path Delay:        12.376ns  (logic 5.556ns (44.891%)  route 6.821ns (55.109%))
  Logic Levels:           5  (IBUF=1 LUT5=2 LUT6=1 OBUF=1)

    Location             Delay type                Incr(ns)  Path(ns)    Netlist Resource(s)
  -------------------------------------------------------------------    -------------------
    U1                                                0.000     0.000 f  X[13] (IN)
                         net (fo=0)                   0.000     0.000    X[13]
    U1                   IBUF (Prop_ibuf_I_O)         1.453     1.453 f  X_IBUF[13]_inst/O
                         net (fo=2, routed)           3.944     5.397    X_IBUF[13]
    SLICE_X2Y19          LUT6 (Prop_lut6_I2_O)        0.124     5.521 r  S_OBUF[2]_inst_i_4/O
                         net (fo=3, routed)           0.302     5.822    S_OBUF[2]_inst_i_4_n_0
    SLICE_X1Y19          LUT5 (Prop_lut5_I2_O)        0.124     5.946 r  S_OBUF[2]_inst_i_2/O
                         net (fo=2, routed)           0.875     6.822    aux[1,1][2]
    SLICE_X0Y19          LUT5 (Prop_lut5_I2_O)        0.152     6.974 r  S_OBUF[2]_inst_i_1/O
                         net (fo=1, routed)           1.700     8.673    S_OBUF[2]
    U19                  OBUF (Prop_obuf_I_O)         3.703    12.376 r  S_OBUF[2]_inst/O
                         net (fo=0)                   0.000    12.376    S[2]
    U19                                                               r  S[2] (OUT)
  -------------------------------------------------------------------    -------------------

Slack:                    inf
  Source:                 X[11]
                            (input port)
  Destination:            S[3]
                            (output port)
  Path Group:             (none)
  Path Type:              Max at Slow Process Corner
  Data Path Delay:        11.071ns  (logic 5.221ns (47.160%)  route 5.850ns (52.840%))
  Logic Levels:           4  (IBUF=1 LUT2=1 LUT3=1 OBUF=1)

    Location             Delay type                Incr(ns)  Path(ns)    Netlist Resource(s)
  -------------------------------------------------------------------    -------------------
    R3                                                0.000     0.000 r  X[11] (IN)
                         net (fo=0)                   0.000     0.000    X[11]
    R3                   IBUF (Prop_ibuf_I_O)         1.464     1.464 r  X_IBUF[11]_inst/O
                         net (fo=4, routed)           3.656     5.120    X_IBUF[11]
    SLICE_X0Y18          LUT2 (Prop_lut2_I1_O)        0.124     5.244 r  S_OBUF[3]_inst_i_2/O
                         net (fo=4, routed)           0.665     5.909    aux[1,0][3]
    SLICE_X0Y19          LUT3 (Prop_lut3_I2_O)        0.124     6.033 r  S_OBUF[3]_inst_i_1/O
                         net (fo=1, routed)           1.529     7.562    S_OBUF[3]
    V19                  OBUF (Prop_obuf_I_O)         3.509    11.071 r  S_OBUF[3]_inst/O
                         net (fo=0)                   0.000    11.071    S[3]
    V19                                                               r  S[3] (OUT)
  -------------------------------------------------------------------    -------------------





Min Delay Paths
--------------------------------------------------------------------------------------
Slack:                    inf
  Source:                 X[7]
                            (input port)
  Destination:            S[3]
                            (output port)
  Path Group:             (none)
  Path Type:              Min at Fast Process Corner
  Data Path Delay:        2.340ns  (logic 1.482ns (63.338%)  route 0.858ns (36.662%))
  Logic Levels:           3  (IBUF=1 LUT3=1 OBUF=1)

    Location             Delay type                Incr(ns)  Path(ns)    Netlist Resource(s)
  -------------------------------------------------------------------    -------------------
    W13                                               0.000     0.000 r  X[7] (IN)
                         net (fo=0)                   0.000     0.000    X[7]
    W13                  IBUF (Prop_ibuf_I_O)         0.227     0.227 r  X_IBUF[7]_inst/O
                         net (fo=7, routed)           0.576     0.803    X_IBUF[7]
    SLICE_X0Y19          LUT3 (Prop_lut3_I0_O)        0.045     0.848 r  S_OBUF[3]_inst_i_1/O
                         net (fo=1, routed)           0.282     1.130    S_OBUF[3]
    V19                  OBUF (Prop_obuf_I_O)         1.210     2.340 r  S_OBUF[3]_inst/O
                         net (fo=0)                   0.000     2.340    S[3]
    V19                                                               r  S[3] (OUT)
  -------------------------------------------------------------------    -------------------

Slack:                    inf
  Source:                 X[7]
                            (input port)
  Destination:            S[2]
                            (output port)
  Path Group:             (none)
  Path Type:              Min at Fast Process Corner
  Data Path Delay:        2.463ns  (logic 1.539ns (62.483%)  route 0.924ns (37.517%))
  Logic Levels:           3  (IBUF=1 LUT5=1 OBUF=1)

    Location             Delay type                Incr(ns)  Path(ns)    Netlist Resource(s)
  -------------------------------------------------------------------    -------------------
    W13                                               0.000     0.000 r  X[7] (IN)
                         net (fo=0)                   0.000     0.000    X[7]
    W13                  IBUF (Prop_ibuf_I_O)         0.227     0.227 r  X_IBUF[7]_inst/O
                         net (fo=7, routed)           0.576     0.803    X_IBUF[7]
    SLICE_X0Y19          LUT5 (Prop_lut5_I0_O)        0.048     0.851 r  S_OBUF[2]_inst_i_1/O
                         net (fo=1, routed)           0.348     1.199    S_OBUF[2]
    U19                  OBUF (Prop_obuf_I_O)         1.264     2.463 r  S_OBUF[2]_inst/O
                         net (fo=0)                   0.000     2.463    S[2]
    U19                                                               r  S[2] (OUT)
  -------------------------------------------------------------------    -------------------

Slack:                    inf
  Source:                 X[7]
                            (input port)
  Destination:            S[0]
                            (output port)
  Path Group:             (none)
  Path Type:              Min at Fast Process Corner
  Data Path Delay:        2.729ns  (logic 1.478ns (54.145%)  route 1.252ns (45.855%))
  Logic Levels:           3  (IBUF=1 LUT6=1 OBUF=1)

    Location             Delay type                Incr(ns)  Path(ns)    Netlist Resource(s)
  -------------------------------------------------------------------    -------------------
    W13                                               0.000     0.000 r  X[7] (IN)
                         net (fo=0)                   0.000     0.000    X[7]
    W13                  IBUF (Prop_ibuf_I_O)         0.227     0.227 r  X_IBUF[7]_inst/O
                         net (fo=7, routed)           0.671     0.898    X_IBUF[7]
    SLICE_X0Y19          LUT6 (Prop_lut6_I0_O)        0.045     0.943 r  S_OBUF[0]_inst_i_1/O
                         net (fo=1, routed)           0.580     1.523    S_OBUF[0]
    U16                  OBUF (Prop_obuf_I_O)         1.206     2.729 r  S_OBUF[0]_inst/O
                         net (fo=0)                   0.000     2.729    S[0]
    U16                                                               r  S[0] (OUT)
  -------------------------------------------------------------------    -------------------

Slack:                    inf
  Source:                 X[7]
                            (input port)
  Destination:            S[1]
                            (output port)
  Path Group:             (none)
  Path Type:              Min at Fast Process Corner
  Data Path Delay:        2.980ns  (logic 1.503ns (50.424%)  route 1.477ns (49.576%))
  Logic Levels:           3  (IBUF=1 LUT6=1 OBUF=1)

    Location             Delay type                Incr(ns)  Path(ns)    Netlist Resource(s)
  -------------------------------------------------------------------    -------------------
    W13                                               0.000     0.000 r  X[7] (IN)
                         net (fo=0)                   0.000     0.000    X[7]
    W13                  IBUF (Prop_ibuf_I_O)         0.227     0.227 r  X_IBUF[7]_inst/O
                         net (fo=7, routed)           0.781     1.008    X_IBUF[7]
    SLICE_X0Y19          LUT6 (Prop_lut6_I0_O)        0.045     1.053 r  S_OBUF[1]_inst_i_1/O
                         net (fo=1, routed)           0.696     1.749    S_OBUF[1]
    E19                  OBUF (Prop_obuf_I_O)         1.231     2.980 r  S_OBUF[1]_inst/O
                         net (fo=0)                   0.000     2.980    S[1]
    E19                                                               r  S[1] (OUT)
  -------------------------------------------------------------------    -------------------





