
*** Running vivado
    with args -log sumador.vdi -applog -m64 -product Vivado -messageDb vivado.pb -mode batch -source sumador.tcl -notrace


ECHO est  desactivado.
ECHO est  desactivado.

****** Vivado v2023.1 (64-bit)
  **** SW Build 3865809 on Sun May  7 15:05:29 MDT 2023
  **** IP Build 3864474 on Sun May  7 20:36:21 MDT 2023
  **** SharedData Build 3865790 on Sun May 07 13:33:03 MDT 2023
    ** Copyright 1986-2022 Xilinx, Inc. All Rights Reserved.
    ** Copyright 2022-2023 Advanced Micro Devices, Inc. All Rights Reserved.

source sumador.tcl -notrace
create_project: Time (s): cpu = 00:00:17 ; elapsed = 00:29:56 . Memory (MB): peak = 486.320 ; gain = 202.391
Command: link_design -top sumador -part xc7a35tcpg236-1
Design is defaulting to srcset: sources_1
Design is defaulting to constrset: constrs_1
INFO: [Device 21-403] Loading part xc7a35tcpg236-1
Netlist sorting complete. Time (s): cpu = 00:00:00 ; elapsed = 00:00:00.001 . Memory (MB): peak = 891.258 ; gain = 0.000
INFO: [Project 1-479] Netlist was created with Vivado 2023.1
INFO: [Project 1-570] Preparing netlist for logic optimization
Netlist sorting complete. Time (s): cpu = 00:00:00 ; elapsed = 00:00:00 . Memory (MB): peak = 978.582 ; gain = 0.000
INFO: [Project 1-111] Unisim Transformation Summary:
No Unisim elements were transformed.

4 Infos, 0 Warnings, 0 Critical Warnings and 0 Errors encountered.
link_design completed successfully
link_design: Time (s): cpu = 00:00:25 ; elapsed = 00:00:33 . Memory (MB): peak = 1006.441 ; gain = 515.805
Command: opt_design
Attempting to get a license for feature 'Implementation' and/or device 'xc7a35t'
INFO: [Common 17-349] Got license for feature 'Implementation' and/or device 'xc7a35t'
Running DRC as a precondition to command opt_design

Starting DRC Task
INFO: [DRC 23-27] Running DRC with 2 threads
INFO: [Project 1-461] DRC finished with 0 Errors
INFO: [Project 1-462] Please refer to the DRC report (report_drc) for more information.

Time (s): cpu = 00:00:07 ; elapsed = 00:00:06 . Memory (MB): peak = 1032.117 ; gain = 25.676

Starting Cache Timing Information Task
INFO: [Timing 38-35] Done setting XDC timing constraints.
Ending Cache Timing Information Task | Checksum: ad2c32ff

Time (s): cpu = 00:00:37 ; elapsed = 00:00:42 . Memory (MB): peak = 1537.891 ; gain = 505.773

Starting Logic Optimization Task

Phase 1 Retarget
INFO: [Opt 31-138] Pushed 0 inverter(s) to 0 load pin(s).
INFO: [Opt 31-49] Retargeted 0 cell(s).
Phase 1 Retarget | Checksum: ad2c32ff

Time (s): cpu = 00:00:00 ; elapsed = 00:00:00.509 . Memory (MB): peak = 1873.715 ; gain = 0.000
INFO: [Opt 31-389] Phase Retarget created 0 cells and removed 0 cells

Phase 2 Constant propagation
INFO: [Opt 31-138] Pushed 0 inverter(s) to 0 load pin(s).
Phase 2 Constant propagation | Checksum: ad2c32ff

Time (s): cpu = 00:00:00 ; elapsed = 00:00:00.521 . Memory (MB): peak = 1873.715 ; gain = 0.000
INFO: [Opt 31-389] Phase Constant propagation created 0 cells and removed 0 cells

Phase 3 Sweep
Phase 3 Sweep | Checksum: ad2c32ff

Time (s): cpu = 00:00:00 ; elapsed = 00:00:00.542 . Memory (MB): peak = 1873.715 ; gain = 0.000
INFO: [Opt 31-389] Phase Sweep created 0 cells and removed 0 cells

Phase 4 BUFG optimization
Phase 4 BUFG optimization | Checksum: ad2c32ff

Time (s): cpu = 00:00:00 ; elapsed = 00:00:00.797 . Memory (MB): peak = 1873.715 ; gain = 0.000
INFO: [Opt 31-662] Phase BUFG optimization created 0 cells of which 0 are BUFGs and removed 0 cells.

Phase 5 Shift Register Optimization
INFO: [Opt 31-1064] SRL Remap converted 0 SRLs to 0 registers and converted 0 registers of register chains to 0 SRLs
Phase 5 Shift Register Optimization | Checksum: ad2c32ff

Time (s): cpu = 00:00:00 ; elapsed = 00:00:00.874 . Memory (MB): peak = 1873.715 ; gain = 0.000
INFO: [Opt 31-389] Phase Shift Register Optimization created 0 cells and removed 0 cells

Phase 6 Post Processing Netlist
Phase 6 Post Processing Netlist | Checksum: ad2c32ff

Time (s): cpu = 00:00:00 ; elapsed = 00:00:00.880 . Memory (MB): peak = 1873.715 ; gain = 0.000
INFO: [Opt 31-389] Phase Post Processing Netlist created 0 cells and removed 0 cells
Opt_design Change Summary
=========================


-------------------------------------------------------------------------------------------------------------------------
|  Phase                        |  #Cells created  |  #Cells Removed  |  #Constrained objects preventing optimizations  |
-------------------------------------------------------------------------------------------------------------------------
|  Retarget                     |               0  |               0  |                                              0  |
|  Constant propagation         |               0  |               0  |                                              0  |
|  Sweep                        |               0  |               0  |                                              0  |
|  BUFG optimization            |               0  |               0  |                                              0  |
|  Shift Register Optimization  |               0  |               0  |                                              0  |
|  Post Processing Netlist      |               0  |               0  |                                              0  |
-------------------------------------------------------------------------------------------------------------------------



Starting Connectivity Check Task

Time (s): cpu = 00:00:00 ; elapsed = 00:00:00.003 . Memory (MB): peak = 1873.715 ; gain = 0.000
Ending Logic Optimization Task | Checksum: ad2c32ff

Time (s): cpu = 00:00:00 ; elapsed = 00:00:00.892 . Memory (MB): peak = 1873.715 ; gain = 0.000

Starting Power Optimization Task
INFO: [Pwropt 34-132] Skipping clock gating for clocks with a period < 2.00 ns.
Ending Power Optimization Task | Checksum: ad2c32ff

Time (s): cpu = 00:00:00 ; elapsed = 00:00:00.070 . Memory (MB): peak = 1873.715 ; gain = 0.000

Starting Final Cleanup Task
Ending Final Cleanup Task | Checksum: ad2c32ff

Time (s): cpu = 00:00:00 ; elapsed = 00:00:00.001 . Memory (MB): peak = 1873.715 ; gain = 0.000

Starting Netlist Obfuscation Task
Netlist sorting complete. Time (s): cpu = 00:00:00 ; elapsed = 00:00:00.001 . Memory (MB): peak = 1873.715 ; gain = 0.000
Ending Netlist Obfuscation Task | Checksum: ad2c32ff

Time (s): cpu = 00:00:00 ; elapsed = 00:00:00.003 . Memory (MB): peak = 1873.715 ; gain = 0.000
INFO: [Common 17-83] Releasing license: Implementation
21 Infos, 0 Warnings, 0 Critical Warnings and 0 Errors encountered.
opt_design completed successfully
opt_design: Time (s): cpu = 00:01:03 ; elapsed = 00:01:10 . Memory (MB): peak = 1873.715 ; gain = 867.273
INFO: [runtcl-4] Executing : report_drc -file sumador_drc_opted.rpt -pb sumador_drc_opted.pb -rpx sumador_drc_opted.rpx
Command: report_drc -file sumador_drc_opted.rpt -pb sumador_drc_opted.pb -rpx sumador_drc_opted.rpx
INFO: [IP_Flow 19-234] Refreshing IP repositories
INFO: [IP_Flow 19-1704] No user IP repositories specified
INFO: [IP_Flow 19-2313] Loaded Vivado IP repository 'C:/Xilinx/Vivado/2023.1/data/ip'.
INFO: [DRC 23-27] Running DRC with 2 threads
INFO: [Vivado_Tcl 2-168] The results of DRC are in file C:/Users/Diego/Practica1/Practica1.runs/impl_1/sumador_drc_opted.rpt.
report_drc completed successfully
report_drc: Time (s): cpu = 00:00:10 ; elapsed = 00:00:11 . Memory (MB): peak = 1873.715 ; gain = 0.000
INFO: [Common 17-1381] The checkpoint 'C:/Users/Diego/Practica1/Practica1.runs/impl_1/sumador_opt.dcp' has been generated.
Command: place_design
Attempting to get a license for feature 'Implementation' and/or device 'xc7a35t'
INFO: [Common 17-349] Got license for feature 'Implementation' and/or device 'xc7a35t'
INFO: [DRC 23-27] Running DRC with 2 threads
INFO: [Vivado_Tcl 4-198] DRC finished with 0 Errors
INFO: [Vivado_Tcl 4-199] Please refer to the DRC report (report_drc) for more information.
Running DRC as a precondition to command place_design
INFO: [DRC 23-27] Running DRC with 2 threads
INFO: [Vivado_Tcl 4-198] DRC finished with 0 Errors
INFO: [Vivado_Tcl 4-199] Please refer to the DRC report (report_drc) for more information.

Starting Placer Task
INFO: [Place 30-611] Multithreading enabled for place_design using a maximum of 2 CPUs

Phase 1 Placer Initialization

Phase 1.1 Placer Initialization Netlist Sorting
Netlist sorting complete. Time (s): cpu = 00:00:00 ; elapsed = 00:00:00.001 . Memory (MB): peak = 1873.715 ; gain = 0.000
Phase 1.1 Placer Initialization Netlist Sorting | Checksum: 35be925e

Time (s): cpu = 00:00:00 ; elapsed = 00:00:00.093 . Memory (MB): peak = 1873.715 ; gain = 0.000
Netlist sorting complete. Time (s): cpu = 00:00:00 ; elapsed = 00:00:00.001 . Memory (MB): peak = 1873.715 ; gain = 0.000

Phase 1.2 IO Placement/ Clock Placement/ Build Placer Device
INFO: [Timing 38-35] Done setting XDC timing constraints.
Phase 1.2 IO Placement/ Clock Placement/ Build Placer Device | Checksum: 112b40240

Time (s): cpu = 00:00:01 ; elapsed = 00:00:00.813 . Memory (MB): peak = 1873.715 ; gain = 0.000

Phase 1.3 Build Placer Netlist Model
Phase 1.3 Build Placer Netlist Model | Checksum: 174e5ff03

Time (s): cpu = 00:00:01 ; elapsed = 00:00:01 . Memory (MB): peak = 1873.715 ; gain = 0.000

Phase 1.4 Constrain Clocks/Macros
Phase 1.4 Constrain Clocks/Macros | Checksum: 174e5ff03

Time (s): cpu = 00:00:01 ; elapsed = 00:00:01 . Memory (MB): peak = 1873.715 ; gain = 0.000
Phase 1 Placer Initialization | Checksum: 174e5ff03

Time (s): cpu = 00:00:01 ; elapsed = 00:00:01 . Memory (MB): peak = 1873.715 ; gain = 0.000

Phase 2 Global Placement

Phase 2.1 Floorplanning
Phase 2.1 Floorplanning | Checksum: 174e5ff03

Time (s): cpu = 00:00:01 ; elapsed = 00:00:01 . Memory (MB): peak = 1873.715 ; gain = 0.000

Phase 2.2 Update Timing before SLR Path Opt
Phase 2.2 Update Timing before SLR Path Opt | Checksum: 174e5ff03

Time (s): cpu = 00:00:01 ; elapsed = 00:00:01 . Memory (MB): peak = 1873.715 ; gain = 0.000

Phase 2.3 Post-Processing in Floorplanning
Phase 2.3 Post-Processing in Floorplanning | Checksum: 174e5ff03

Time (s): cpu = 00:00:01 ; elapsed = 00:00:01 . Memory (MB): peak = 1873.715 ; gain = 0.000

Phase 2.4 Global Placement Core
WARNING: [Place 46-29] Timing had been disabled during Placer and, therefore, physical synthesis in Placer will be skipped.
Phase 2.4 Global Placement Core | Checksum: 16ed30212

Time (s): cpu = 00:00:02 ; elapsed = 00:00:03 . Memory (MB): peak = 1873.715 ; gain = 0.000
Phase 2 Global Placement | Checksum: 16ed30212

Time (s): cpu = 00:00:02 ; elapsed = 00:00:03 . Memory (MB): peak = 1873.715 ; gain = 0.000

Phase 3 Detail Placement

Phase 3.1 Commit Multi Column Macros
Phase 3.1 Commit Multi Column Macros | Checksum: 16ed30212

Time (s): cpu = 00:00:02 ; elapsed = 00:00:03 . Memory (MB): peak = 1873.715 ; gain = 0.000

Phase 3.2 Commit Most Macros & LUTRAMs
Phase 3.2 Commit Most Macros & LUTRAMs | Checksum: 16229573a

Time (s): cpu = 00:00:02 ; elapsed = 00:00:03 . Memory (MB): peak = 1873.715 ; gain = 0.000

Phase 3.3 Area Swap Optimization
Phase 3.3 Area Swap Optimization | Checksum: 1f278eec8

Time (s): cpu = 00:00:02 ; elapsed = 00:00:03 . Memory (MB): peak = 1873.715 ; gain = 0.000

Phase 3.4 Pipeline Register Optimization
Phase 3.4 Pipeline Register Optimization | Checksum: 1f278eec8

Time (s): cpu = 00:00:02 ; elapsed = 00:00:03 . Memory (MB): peak = 1873.715 ; gain = 0.000

Phase 3.5 Small Shape Detail Placement
Phase 3.5 Small Shape Detail Placement | Checksum: 156371dd2

Time (s): cpu = 00:00:05 ; elapsed = 00:00:05 . Memory (MB): peak = 1873.715 ; gain = 0.000

Phase 3.6 Re-assign LUT pins
Phase 3.6 Re-assign LUT pins | Checksum: 156371dd2

Time (s): cpu = 00:00:05 ; elapsed = 00:00:05 . Memory (MB): peak = 1873.715 ; gain = 0.000

Phase 3.7 Pipeline Register Optimization
Phase 3.7 Pipeline Register Optimization | Checksum: 156371dd2

Time (s): cpu = 00:00:05 ; elapsed = 00:00:05 . Memory (MB): peak = 1873.715 ; gain = 0.000
Phase 3 Detail Placement | Checksum: 156371dd2

Time (s): cpu = 00:00:05 ; elapsed = 00:00:05 . Memory (MB): peak = 1873.715 ; gain = 0.000

Phase 4 Post Placement Optimization and Clean-Up

Phase 4.1 Post Commit Optimization
Phase 4.1 Post Commit Optimization | Checksum: 156371dd2

Time (s): cpu = 00:00:05 ; elapsed = 00:00:05 . Memory (MB): peak = 1873.715 ; gain = 0.000

Phase 4.2 Post Placement Cleanup
Phase 4.2 Post Placement Cleanup | Checksum: 156371dd2

Time (s): cpu = 00:00:05 ; elapsed = 00:00:05 . Memory (MB): peak = 1873.715 ; gain = 0.000

Phase 4.3 Placer Reporting

Phase 4.3.1 Print Estimated Congestion
INFO: [Place 30-612] Post-Placement Estimated Congestion 
 ____________________________________________________
|           | Global Congestion | Short Congestion  |
| Direction | Region Size       | Region Size       |
|___________|___________________|___________________|
|      North|                1x1|                1x1|
|___________|___________________|___________________|
|      South|                1x1|                1x1|
|___________|___________________|___________________|
|       East|                1x1|                1x1|
|___________|___________________|___________________|
|       West|                1x1|                1x1|
|___________|___________________|___________________|

Phase 4.3.1 Print Estimated Congestion | Checksum: 156371dd2

Time (s): cpu = 00:00:05 ; elapsed = 00:00:05 . Memory (MB): peak = 1873.715 ; gain = 0.000
Phase 4.3 Placer Reporting | Checksum: 156371dd2

Time (s): cpu = 00:00:05 ; elapsed = 00:00:05 . Memory (MB): peak = 1873.715 ; gain = 0.000

Phase 4.4 Final Placement Cleanup
Netlist sorting complete. Time (s): cpu = 00:00:00 ; elapsed = 00:00:00.001 . Memory (MB): peak = 1873.715 ; gain = 0.000

Time (s): cpu = 00:00:05 ; elapsed = 00:00:05 . Memory (MB): peak = 1873.715 ; gain = 0.000
Phase 4 Post Placement Optimization and Clean-Up | Checksum: 156371dd2

Time (s): cpu = 00:00:05 ; elapsed = 00:00:05 . Memory (MB): peak = 1873.715 ; gain = 0.000
Ending Placer Task | Checksum: 76abb027

Time (s): cpu = 00:00:05 ; elapsed = 00:00:05 . Memory (MB): peak = 1873.715 ; gain = 0.000
INFO: [Common 17-83] Releasing license: Implementation
39 Infos, 1 Warnings, 0 Critical Warnings and 0 Errors encountered.
place_design completed successfully
place_design: Time (s): cpu = 00:00:12 ; elapsed = 00:00:09 . Memory (MB): peak = 1873.715 ; gain = 0.000
INFO: [runtcl-4] Executing : report_io -file sumador_io_placed.rpt
report_io: Time (s): cpu = 00:00:00 ; elapsed = 00:00:00.303 . Memory (MB): peak = 1873.715 ; gain = 0.000
INFO: [runtcl-4] Executing : report_utilization -file sumador_utilization_placed.rpt -pb sumador_utilization_placed.pb
INFO: [runtcl-4] Executing : report_control_sets -verbose -file sumador_control_sets_placed.rpt
report_control_sets: Time (s): cpu = 00:00:00 ; elapsed = 00:00:00.012 . Memory (MB): peak = 1873.715 ; gain = 0.000
Writing XDEF routing.
Writing XDEF routing logical nets.
Writing XDEF routing special nets.
Write XDEF Complete: Time (s): cpu = 00:00:01 ; elapsed = 00:00:00.541 . Memory (MB): peak = 1881.863 ; gain = 8.148
INFO: [Common 17-1381] The checkpoint 'C:/Users/Diego/Practica1/Practica1.runs/impl_1/sumador_placed.dcp' has been generated.
Command: phys_opt_design
Attempting to get a license for feature 'Implementation' and/or device 'xc7a35t'
INFO: [Common 17-349] Got license for feature 'Implementation' and/or device 'xc7a35t'

Starting Initial Update Timing Task

Time (s): cpu = 00:00:00 ; elapsed = 00:00:00.043 . Memory (MB): peak = 1881.863 ; gain = 0.000
INFO: [Vivado_Tcl 4-235] No timing constraint found. The netlist was not modified.
INFO: [Common 17-83] Releasing license: Implementation
46 Infos, 1 Warnings, 0 Critical Warnings and 0 Errors encountered.
phys_opt_design completed successfully
Writing XDEF routing.
Writing XDEF routing logical nets.
Writing XDEF routing special nets.
Write XDEF Complete: Time (s): cpu = 00:00:00 ; elapsed = 00:00:00.260 . Memory (MB): peak = 1891.133 ; gain = 9.270
INFO: [Common 17-1381] The checkpoint 'C:/Users/Diego/Practica1/Practica1.runs/impl_1/sumador_physopt.dcp' has been generated.
Command: route_design
Attempting to get a license for feature 'Implementation' and/or device 'xc7a35t'
INFO: [Common 17-349] Got license for feature 'Implementation' and/or device 'xc7a35t'
Running DRC as a precondition to command route_design
INFO: [DRC 23-27] Running DRC with 2 threads
INFO: [Vivado_Tcl 4-198] DRC finished with 0 Errors
INFO: [Vivado_Tcl 4-199] Please refer to the DRC report (report_drc) for more information.


Starting Routing Task
INFO: [Route 35-254] Multithreading enabled for route_design using a maximum of 2 CPUs

Phase 1 Build RT Design
Checksum: PlaceDB: 40ed1dc9 ConstDB: 0 ShapeSum: 35be925e RouteDB: 0
Post Restoration Checksum: NetGraph: e5d2822f | NumContArr: f9b452ac | Constraints: 190a55ad | Timing: 0
Phase 1 Build RT Design | Checksum: 1f8912a88

Time (s): cpu = 00:02:15 ; elapsed = 00:02:17 . Memory (MB): peak = 1972.977 ; gain = 72.723

Phase 2 Router Initialization
INFO: [Route 35-64] No timing constraints were detected. The router will operate in resource-optimization mode.

Phase 2.1 Fix Topology Constraints
Phase 2.1 Fix Topology Constraints | Checksum: 1f8912a88

Time (s): cpu = 00:02:15 ; elapsed = 00:02:17 . Memory (MB): peak = 1979.008 ; gain = 78.754

Phase 2.2 Pre Route Cleanup
Phase 2.2 Pre Route Cleanup | Checksum: 1f8912a88

Time (s): cpu = 00:02:15 ; elapsed = 00:02:17 . Memory (MB): peak = 1979.008 ; gain = 78.754
 Number of Nodes with overlaps = 0

Router Utilization Summary
  Global Vertical Routing Utilization    = 0 %
  Global Horizontal Routing Utilization  = 0 %
  Routable Net Status*
  *Does not include unroutable nets such as driverless and loadless.
  Run report_route_status for detailed report.
  Number of Failed Nets               = 13
    (Failed Nets is the sum of unrouted and partially routed nets)
  Number of Unrouted Nets             = 13
  Number of Partially Routed Nets     = 0
  Number of Node Overlaps             = 0

Phase 2 Router Initialization | Checksum: 1315f4f21

Time (s): cpu = 00:02:16 ; elapsed = 00:02:18 . Memory (MB): peak = 1983.680 ; gain = 83.426

Phase 3 Initial Routing

Phase 3.1 Global Routing
Phase 3.1 Global Routing | Checksum: 1315f4f21

Time (s): cpu = 00:02:16 ; elapsed = 00:02:18 . Memory (MB): peak = 1983.680 ; gain = 83.426
Phase 3 Initial Routing | Checksum: 12f8eb344

Time (s): cpu = 00:02:17 ; elapsed = 00:02:18 . Memory (MB): peak = 1983.680 ; gain = 83.426

Phase 4 Rip-up And Reroute

Phase 4.1 Global Iteration 0
 Number of Nodes with overlaps = 0
Phase 4.1 Global Iteration 0 | Checksum: 1068f9825

Time (s): cpu = 00:02:17 ; elapsed = 00:02:18 . Memory (MB): peak = 1983.680 ; gain = 83.426
Phase 4 Rip-up And Reroute | Checksum: 1068f9825

Time (s): cpu = 00:02:17 ; elapsed = 00:02:18 . Memory (MB): peak = 1983.680 ; gain = 83.426

Phase 5 Delay and Skew Optimization
Phase 5 Delay and Skew Optimization | Checksum: 1068f9825

Time (s): cpu = 00:02:17 ; elapsed = 00:02:18 . Memory (MB): peak = 1983.680 ; gain = 83.426

Phase 6 Post Hold Fix

Phase 6.1 Hold Fix Iter
Phase 6.1 Hold Fix Iter | Checksum: 1068f9825

Time (s): cpu = 00:02:17 ; elapsed = 00:02:18 . Memory (MB): peak = 1983.680 ; gain = 83.426
Phase 6 Post Hold Fix | Checksum: 1068f9825

Time (s): cpu = 00:02:17 ; elapsed = 00:02:18 . Memory (MB): peak = 1983.680 ; gain = 83.426

Phase 7 Route finalize

Router Utilization Summary
  Global Vertical Routing Utilization    = 0.00350793 %
  Global Horizontal Routing Utilization  = 0.00351379 %
  Routable Net Status*
  *Does not include unroutable nets such as driverless and loadless.
  Run report_route_status for detailed report.
  Number of Failed Nets               = 0
    (Failed Nets is the sum of unrouted and partially routed nets)
  Number of Unrouted Nets             = 0
  Number of Partially Routed Nets     = 0
  Number of Node Overlaps             = 0


--GLOBAL Congestion:
Utilization threshold used for congestion level computation: 0.85
Congestion Report
North Dir 1x1 Area, Max Cong = 1.8018%, No Congested Regions.
South Dir 1x1 Area, Max Cong = 16.2162%, No Congested Regions.
East Dir 1x1 Area, Max Cong = 2.94118%, No Congested Regions.
West Dir 1x1 Area, Max Cong = 8.82353%, No Congested Regions.

------------------------------
Reporting congestion hotspots
------------------------------
Direction: North
----------------
Congested clusters found at Level 0
Effective congestion level: 0 Aspect Ratio: 1 Sparse Ratio: 0
Direction: South
----------------
Congested clusters found at Level 0
Effective congestion level: 0 Aspect Ratio: 1 Sparse Ratio: 0
Direction: East
----------------
Congested clusters found at Level 0
Effective congestion level: 0 Aspect Ratio: 1 Sparse Ratio: 0
Direction: West
----------------
Congested clusters found at Level 0
Effective congestion level: 0 Aspect Ratio: 1 Sparse Ratio: 0

Phase 7 Route finalize | Checksum: 1068f9825

Time (s): cpu = 00:02:17 ; elapsed = 00:02:19 . Memory (MB): peak = 1983.680 ; gain = 83.426

Phase 8 Verifying routed nets

 Verification completed successfully
Phase 8 Verifying routed nets | Checksum: 1068f9825

Time (s): cpu = 00:02:17 ; elapsed = 00:02:19 . Memory (MB): peak = 1984.348 ; gain = 84.094

Phase 9 Depositing Routes
Phase 9 Depositing Routes | Checksum: 7002d585

Time (s): cpu = 00:02:17 ; elapsed = 00:02:19 . Memory (MB): peak = 1984.348 ; gain = 84.094
INFO: [Route 35-16] Router Completed Successfully

Phase 10 Post-Route Event Processing
Phase 10 Post-Route Event Processing | Checksum: b71da212

Time (s): cpu = 00:02:17 ; elapsed = 00:02:19 . Memory (MB): peak = 1984.348 ; gain = 84.094

Time (s): cpu = 00:02:17 ; elapsed = 00:02:19 . Memory (MB): peak = 1984.348 ; gain = 84.094

Routing Is Done.
INFO: [Common 17-83] Releasing license: Implementation
55 Infos, 1 Warnings, 0 Critical Warnings and 0 Errors encountered.
route_design completed successfully
route_design: Time (s): cpu = 00:02:23 ; elapsed = 00:02:23 . Memory (MB): peak = 1984.348 ; gain = 93.215
INFO: [runtcl-4] Executing : report_drc -file sumador_drc_routed.rpt -pb sumador_drc_routed.pb -rpx sumador_drc_routed.rpx
Command: report_drc -file sumador_drc_routed.rpt -pb sumador_drc_routed.pb -rpx sumador_drc_routed.rpx
INFO: [IP_Flow 19-1839] IP Catalog is up to date.
INFO: [DRC 23-27] Running DRC with 2 threads
INFO: [Vivado_Tcl 2-168] The results of DRC are in file C:/Users/Diego/Practica1/Practica1.runs/impl_1/sumador_drc_routed.rpt.
report_drc completed successfully
report_drc: Time (s): cpu = 00:00:09 ; elapsed = 00:00:06 . Memory (MB): peak = 2015.227 ; gain = 30.879
INFO: [runtcl-4] Executing : report_methodology -file sumador_methodology_drc_routed.rpt -pb sumador_methodology_drc_routed.pb -rpx sumador_methodology_drc_routed.rpx
Command: report_methodology -file sumador_methodology_drc_routed.rpt -pb sumador_methodology_drc_routed.pb -rpx sumador_methodology_drc_routed.rpx
INFO: [Timing 38-35] Done setting XDC timing constraints.
INFO: [DRC 23-133] Running Methodology with 2 threads
INFO: [Vivado_Tcl 2-1520] The results of Report Methodology are in file C:/Users/Diego/Practica1/Practica1.runs/impl_1/sumador_methodology_drc_routed.rpt.
report_methodology completed successfully
report_methodology: Time (s): cpu = 00:00:07 ; elapsed = 00:00:05 . Memory (MB): peak = 2018.168 ; gain = 2.941
INFO: [runtcl-4] Executing : report_power -file sumador_power_routed.rpt -pb sumador_power_summary_routed.pb -rpx sumador_power_routed.rpx
Command: report_power -file sumador_power_routed.rpt -pb sumador_power_summary_routed.pb -rpx sumador_power_routed.rpx
INFO: [Timing 38-35] Done setting XDC timing constraints.
WARNING: [Power 33-232] No user defined clocks were found in the design! Power estimation will be inaccurate until this is corrected.
Resolution: Please specify clocks using create_clock/create_generated_clock for sequential elements. For pure combinatorial circuits, please specify a virtual clock, otherwise the vectorless estimation might be inaccurate
Running Vector-less Activity Propagation...

Finished Running Vector-less Activity Propagation
65 Infos, 2 Warnings, 0 Critical Warnings and 0 Errors encountered.
report_power completed successfully
INFO: [runtcl-4] Executing : report_route_status -file sumador_route_status.rpt -pb sumador_route_status.pb
INFO: [runtcl-4] Executing : report_timing_summary -max_paths 10 -report_unconstrained -file sumador_timing_summary_routed.rpt -pb sumador_timing_summary_routed.pb -rpx sumador_timing_summary_routed.rpx -warn_on_violation 
INFO: [Timing 38-91] UpdateTimingParams: Speed grade: -1, Delay Type: min_max.
INFO: [Timing 38-191] Multithreading enabled for timing update using a maximum of 2 CPUs
WARNING: [Timing 38-313] There are no user specified timing constraints. Timing constraints are needed for proper timing analysis.
INFO: [runtcl-4] Executing : report_incremental_reuse -file sumador_incremental_reuse_routed.rpt
INFO: [Vivado_Tcl 4-1062] Incremental flow is disabled. No incremental reuse Info to report.
INFO: [runtcl-4] Executing : report_clock_utilization -file sumador_clock_utilization_routed.rpt
INFO: [runtcl-4] Executing : report_bus_skew -warn_on_violation -file sumador_bus_skew_routed.rpt -pb sumador_bus_skew_routed.pb -rpx sumador_bus_skew_routed.rpx
INFO: [Timing 38-91] UpdateTimingParams: Speed grade: -1, Delay Type: min_max.
INFO: [Timing 38-191] Multithreading enabled for timing update using a maximum of 2 CPUs
Writing XDEF routing.
Writing XDEF routing logical nets.
Writing XDEF routing special nets.
Write XDEF Complete: Time (s): cpu = 00:00:00 ; elapsed = 00:00:00.098 . Memory (MB): peak = 2029.211 ; gain = 0.000
INFO: [Common 17-1381] The checkpoint 'C:/Users/Diego/Practica1/Practica1.runs/impl_1/sumador_routed.dcp' has been generated.
INFO: [Common 17-206] Exiting Vivado at Mon Sep 29 09:27:31 2025...
