Copyright 1986-2022 Xilinx, Inc. All Rights Reserved. Copyright 2022-2023 Advanced Micro Devices, Inc. All Rights Reserved.
------------------------------------------------------------------------------------------------------------------------------------------------------------------------------------------------------------------
| Tool Version : Vivado v.2023.1 (win64) Build 3865809 Sun May  7 15:05:29 MDT 2023
| Date         : Mon Sep 29 09:27:28 2025
| Host         : DESKTOP-UM0HR61 running 64-bit major release  (build 9200)
| Command      : report_timing_summary -max_paths 10 -report_unconstrained -file sumador_timing_summary_routed.rpt -pb sumador_timing_summary_routed.pb -rpx sumador_timing_summary_routed.rpx -warn_on_violation
| Design       : sumador
| Device       : 7a35t-cpg236
| Speed File   : -1  PRODUCTION 1.23 2018-06-13
| Design State : Routed
------------------------------------------------------------------------------------------------------------------------------------------------------------------------------------------------------------------

Timing Summary Report

------------------------------------------------------------------------------------------------
| Timer Settings
| --------------
------------------------------------------------------------------------------------------------

  Enable Multi Corner Analysis               :  Yes
  Enable Pessimism Removal                   :  Yes
  Pessimism Removal Resolution               :  Nearest Common Node
  Enable Input Delay Default Clock           :  No
  Enable Preset / Clear Arcs                 :  No
  Disable Flight Delays                      :  No
  Ignore I/O Paths                           :  No
  Timing Early Launch at Borrowing Latches   :  No
  Borrow Time for Max Delay Exceptions       :  Yes
  Merge Timing Exceptions                    :  Yes

  Corner  Analyze    Analyze    
  Name    Max Paths  Min Paths  
  ------  ---------  ---------  
  Slow    Yes        Yes        
  Fast    Yes        Yes        


------------------------------------------------------------------------------------------------
| Report Methodology
| ------------------
------------------------------------------------------------------------------------------------

No report available as report_methodology has not been run prior. Run report_methodology on the current design for the summary of methodology violations.



check_timing report

Table of Contents
-----------------
1. checking no_clock (0)
2. checking constant_clock (0)
3. checking pulse_width_clock (0)
4. checking unconstrained_internal_endpoints (0)
5. checking no_input_delay (0)
6. checking no_output_delay (0)
7. checking multiple_clock (0)
8. checking generated_clocks (0)
9. checking loops (0)
10. checking partial_input_delay (0)
11. checking partial_output_delay (0)
12. checking latch_loops (0)

1. checking no_clock (0)
------------------------
 There are 0 register/latch pins with no clock.


2. checking constant_clock (0)
------------------------------
 There are 0 register/latch pins with constant_clock.


3. checking pulse_width_clock (0)
---------------------------------
 There are 0 register/latch pins which need pulse_width check


4. checking unconstrained_internal_endpoints (0)
------------------------------------------------
 There are 0 pins that are not constrained for maximum delay.

 There are 0 pins that are not constrained for maximum delay due to constant clock.


5. checking no_input_delay (0)
------------------------------
 There are 0 input ports with no input delay specified.

 There are 0 input ports with no input delay but user has a false path constraint.


6. checking no_output_delay (0)
-------------------------------
 There are 0 ports with no output delay specified.

 There are 0 ports with no output delay but user has a false path constraint

 There are 0 ports with no output delay but with a timing clock defined on it or propagating through it


7. checking multiple_clock (0)
------------------------------
 There are 0 register/latch pins with multiple clocks.


8. checking generated_clocks (0)
--------------------------------
 There are 0 generated clocks that are not connected to a clock source.


9. checking loops (0)
---------------------
 There are 0 combinational loops in the design.


10. checking partial_input_delay (0)
------------------------------------
 There are 0 input ports with partial input delay specified.


11. checking partial_output_delay (0)
-------------------------------------
 There are 0 ports with partial output delay specified.


12. checking latch_loops (0)
----------------------------
 There are 0 combinational latch loops in the design through latch input



------------------------------------------------------------------------------------------------
| Design Timing Summary
| ---------------------
------------------------------------------------------------------------------------------------

    WNS(ns)      TNS(ns)  TNS Failing Endpoints  TNS Total Endpoints      WHS(ns)      THS(ns)  THS Failing Endpoints  THS Total Endpoints     WPWS(ns)     TPWS(ns)  TPWS Failing Endpoints  TPWS Total Endpoints  
    -------      -------  ---------------------  -------------------      -------      -------  ---------------------  -------------------     --------     --------  ----------------------  --------------------  
        inf        0.000                      0                    4          inf        0.000                      0                    4           NA           NA                      NA                    NA  


There are no user specified timing constraints.


------------------------------------------------------------------------------------------------
| Clock Summary
| -------------
------------------------------------------------------------------------------------------------


------------------------------------------------------------------------------------------------
| Intra Clock Table
| -----------------
------------------------------------------------------------------------------------------------

Clock             WNS(ns)      TNS(ns)  TNS Failing Endpoints  TNS Total Endpoints      WHS(ns)      THS(ns)  THS Failing Endpoints  THS Total Endpoints     WPWS(ns)     TPWS(ns)  TPWS Failing Endpoints  TPWS Total Endpoints  
-----             -------      -------  ---------------------  -------------------      -------      -------  ---------------------  -------------------     --------     --------  ----------------------  --------------------  


------------------------------------------------------------------------------------------------
| Inter Clock Table
| -----------------
------------------------------------------------------------------------------------------------

From Clock    To Clock          WNS(ns)      TNS(ns)  TNS Failing Endpoints  TNS Total Endpoints      WHS(ns)      THS(ns)  THS Failing Endpoints  THS Total Endpoints  
----------    --------          -------      -------  ---------------------  -------------------      -------      -------  ---------------------  -------------------  


------------------------------------------------------------------------------------------------
| Other Path Groups Table
| -----------------------
------------------------------------------------------------------------------------------------

Path Group    From Clock    To Clock          WNS(ns)      TNS(ns)  TNS Failing Endpoints  TNS Total Endpoints      WHS(ns)      THS(ns)  THS Failing Endpoints  THS Total Endpoints  
----------    ----------    --------          -------      -------  ---------------------  -------------------      -------      -------  ---------------------  -------------------  


------------------------------------------------------------------------------------------------
| User Ignored Path Table
| -----------------------
------------------------------------------------------------------------------------------------

Path Group    From Clock    To Clock    
----------    ----------    --------    


------------------------------------------------------------------------------------------------
| Unconstrained Path Table
| ------------------------
------------------------------------------------------------------------------------------------

Path Group    From Clock    To Clock    
----------    ----------    --------    
(none)                                    


------------------------------------------------------------------------------------------------
| Timing Details
| --------------
------------------------------------------------------------------------------------------------


--------------------------------------------------------------------------------------
Path Group:  (none)
From Clock:  
  To Clock:  

Max Delay             4 Endpoints
Min Delay             4 Endpoints
--------------------------------------------------------------------------------------


Max Delay Paths
--------------------------------------------------------------------------------------
Slack:                    inf
  Source:                 A[1]
                            (input port)
  Destination:            C[3]
                            (output port)
  Path Group:             (none)
  Path Type:              Max at Slow Process Corner
  Data Path Delay:        7.896ns  (logic 3.780ns (47.867%)  route 4.116ns (52.133%))
  Logic Levels:           4  (IBUF=1 LUT4=1 LUT5=1 OBUF=1)

    Location             Delay type                Incr(ns)  Path(ns)    Netlist Resource(s)
  -------------------------------------------------------------------    -------------------
    V14                                               0.000     0.000 r  A[1] (IN)
                         net (fo=0)                   0.000     0.000    A[1]
    V14                  IBUF (Prop_ibuf_I_O)         0.931     0.931 r  A_IBUF[1]_inst/O
                         net (fo=3, routed)           1.586     2.517    A_IBUF[1]
    SLICE_X0Y5           LUT4 (Prop_lut4_I1_O)        0.124     2.641 r  C_OBUF[3]_inst_i_2/O
                         net (fo=1, routed)           0.669     3.310    C_OBUF[3]_inst_i_2_n_0
    SLICE_X0Y5           LUT5 (Prop_lut5_I0_O)        0.124     3.434 r  C_OBUF[3]_inst_i_1/O
                         net (fo=1, routed)           1.862     5.295    C_OBUF[3]
    V17                  OBUF (Prop_obuf_I_O)         2.601     7.896 r  C_OBUF[3]_inst/O
                         net (fo=0)                   0.000     7.896    C[3]
    V17                                                               r  C[3] (OUT)
  -------------------------------------------------------------------    -------------------

Slack:                    inf
  Source:                 A[1]
                            (input port)
  Destination:            C[1]
                            (output port)
  Path Group:             (none)
  Path Type:              Max at Slow Process Corner
  Data Path Delay:        7.335ns  (logic 3.881ns (52.916%)  route 3.453ns (47.084%))
  Logic Levels:           3  (IBUF=1 LUT4=1 OBUF=1)

    Location             Delay type                Incr(ns)  Path(ns)    Netlist Resource(s)
  -------------------------------------------------------------------    -------------------
    V14                                               0.000     0.000 r  A[1] (IN)
                         net (fo=0)                   0.000     0.000    A[1]
    V14                  IBUF (Prop_ibuf_I_O)         0.931     0.931 r  A_IBUF[1]_inst/O
                         net (fo=3, routed)           1.586     2.517    A_IBUF[1]
    SLICE_X0Y5           LUT4 (Prop_lut4_I3_O)        0.152     2.669 r  C_OBUF[1]_inst_i_1/O
                         net (fo=1, routed)           1.868     4.536    C_OBUF[1]
    W17                  OBUF (Prop_obuf_I_O)         2.798     7.335 r  C_OBUF[1]_inst/O
                         net (fo=0)                   0.000     7.335    C[1]
    W17                                                               r  C[1] (OUT)
  -------------------------------------------------------------------    -------------------

Slack:                    inf
  Source:                 A[0]
                            (input port)
  Destination:            C[0]
                            (output port)
  Path Group:             (none)
  Path Type:              Max at Slow Process Corner
  Data Path Delay:        6.981ns  (logic 3.674ns (52.635%)  route 3.306ns (47.365%))
  Logic Levels:           3  (IBUF=1 LUT2=1 OBUF=1)

    Location             Delay type                Incr(ns)  Path(ns)    Netlist Resource(s)
  -------------------------------------------------------------------    -------------------
    U14                                               0.000     0.000 r  A[0] (IN)
                         net (fo=0)                   0.000     0.000    A[0]
    U14                  IBUF (Prop_ibuf_I_O)         0.936     0.936 r  A_IBUF[0]_inst/O
                         net (fo=4, routed)           1.441     2.377    A_IBUF[0]
    SLICE_X0Y5           LUT2 (Prop_lut2_I0_O)        0.124     2.501 r  C_OBUF[0]_inst_i_1/O
                         net (fo=1, routed)           1.865     4.367    C_OBUF[0]
    V15                  OBUF (Prop_obuf_I_O)         2.614     6.981 r  C_OBUF[0]_inst/O
                         net (fo=0)                   0.000     6.981    C[0]
    V15                                                               r  C[0] (OUT)
  -------------------------------------------------------------------    -------------------

Slack:                    inf
  Source:                 A[1]
                            (input port)
  Destination:            C[2]
                            (output port)
  Path Group:             (none)
  Path Type:              Max at Slow Process Corner
  Data Path Delay:        6.968ns  (logic 3.666ns (52.617%)  route 3.302ns (47.383%))
  Logic Levels:           3  (IBUF=1 LUT6=1 OBUF=1)

    Location             Delay type                Incr(ns)  Path(ns)    Netlist Resource(s)
  -------------------------------------------------------------------    -------------------
    V14                                               0.000     0.000 r  A[1] (IN)
                         net (fo=0)                   0.000     0.000    A[1]
    V14                  IBUF (Prop_ibuf_I_O)         0.931     0.931 r  A_IBUF[1]_inst/O
                         net (fo=3, routed)           1.578     2.509    A_IBUF[1]
    SLICE_X0Y5           LUT6 (Prop_lut6_I2_O)        0.124     2.633 r  C_OBUF[2]_inst_i_1/O
                         net (fo=1, routed)           1.723     4.357    C_OBUF[2]
    W16                  OBUF (Prop_obuf_I_O)         2.612     6.968 r  C_OBUF[2]_inst/O
                         net (fo=0)                   0.000     6.968    C[2]
    W16                                                               r  C[2] (OUT)
  -------------------------------------------------------------------    -------------------





Min Delay Paths
--------------------------------------------------------------------------------------
Slack:                    inf
  Source:                 B[2]
                            (input port)
  Destination:            C[2]
                            (output port)
  Path Group:             (none)
  Path Type:              Min at Fast Process Corner
  Data Path Delay:        2.050ns  (logic 1.347ns (65.682%)  route 0.704ns (34.318%))
  Logic Levels:           3  (IBUF=1 LUT6=1 OBUF=1)

    Location             Delay type                Incr(ns)  Path(ns)    Netlist Resource(s)
  -------------------------------------------------------------------    -------------------
    W13                                               0.000     0.000 r  B[2] (IN)
                         net (fo=0)                   0.000     0.000    B[2]
    W13                  IBUF (Prop_ibuf_I_O)         0.173     0.173 r  B_IBUF[2]_inst/O
                         net (fo=2, routed)           0.353     0.526    B_IBUF[2]
    SLICE_X0Y5           LUT6 (Prop_lut6_I4_O)        0.045     0.571 r  C_OBUF[2]_inst_i_1/O
                         net (fo=1, routed)           0.350     0.921    C_OBUF[2]
    W16                  OBUF (Prop_obuf_I_O)         1.129     2.050 r  C_OBUF[2]_inst/O
                         net (fo=0)                   0.000     2.050    C[2]
    W16                                                               r  C[2] (OUT)
  -------------------------------------------------------------------    -------------------

Slack:                    inf
  Source:                 B[3]
                            (input port)
  Destination:            C[3]
                            (output port)
  Path Group:             (none)
  Path Type:              Min at Fast Process Corner
  Data Path Delay:        2.115ns  (logic 1.328ns (62.770%)  route 0.787ns (37.230%))
  Logic Levels:           3  (IBUF=1 LUT5=1 OBUF=1)

    Location             Delay type                Incr(ns)  Path(ns)    Netlist Resource(s)
  -------------------------------------------------------------------    -------------------
    W15                                               0.000     0.000 r  B[3] (IN)
                         net (fo=0)                   0.000     0.000    B[3]
    W15                  IBUF (Prop_ibuf_I_O)         0.165     0.165 r  B_IBUF[3]_inst/O
                         net (fo=1, routed)           0.375     0.540    B_IBUF[3]
    SLICE_X0Y5           LUT5 (Prop_lut5_I3_O)        0.045     0.585 r  C_OBUF[3]_inst_i_1/O
                         net (fo=1, routed)           0.413     0.997    C_OBUF[3]
    V17                  OBUF (Prop_obuf_I_O)         1.118     2.115 r  C_OBUF[3]_inst/O
                         net (fo=0)                   0.000     2.115    C[3]
    V17                                                               r  C[3] (OUT)
  -------------------------------------------------------------------    -------------------

Slack:                    inf
  Source:                 B[1]
                            (input port)
  Destination:            C[1]
                            (output port)
  Path Group:             (none)
  Path Type:              Min at Fast Process Corner
  Data Path Delay:        2.214ns  (logic 1.381ns (62.402%)  route 0.832ns (37.598%))
  Logic Levels:           3  (IBUF=1 LUT4=1 OBUF=1)

    Location             Delay type                Incr(ns)  Path(ns)    Netlist Resource(s)
  -------------------------------------------------------------------    -------------------
    W14                                               0.000     0.000 r  B[1] (IN)
                         net (fo=0)                   0.000     0.000    B[1]
    W14                  IBUF (Prop_ibuf_I_O)         0.164     0.164 r  B_IBUF[1]_inst/O
                         net (fo=3, routed)           0.420     0.583    B_IBUF[1]
    SLICE_X0Y5           LUT4 (Prop_lut4_I2_O)        0.042     0.625 r  C_OBUF[1]_inst_i_1/O
                         net (fo=1, routed)           0.413     1.038    C_OBUF[1]
    W17                  OBUF (Prop_obuf_I_O)         1.175     2.214 r  C_OBUF[1]_inst/O
                         net (fo=0)                   0.000     2.214    C[1]
    W17                                                               r  C[1] (OUT)
  -------------------------------------------------------------------    -------------------

Slack:                    inf
  Source:                 B[0]
                            (input port)
  Destination:            C[0]
                            (output port)
  Path Group:             (none)
  Path Type:              Min at Fast Process Corner
  Data Path Delay:        2.287ns  (logic 1.350ns (59.002%)  route 0.938ns (40.998%))
  Logic Levels:           3  (IBUF=1 LUT2=1 OBUF=1)

    Location             Delay type                Incr(ns)  Path(ns)    Netlist Resource(s)
  -------------------------------------------------------------------    -------------------
    U15                                               0.000     0.000 r  B[0] (IN)
                         net (fo=0)                   0.000     0.000    B[0]
    U15                  IBUF (Prop_ibuf_I_O)         0.174     0.174 r  B_IBUF[0]_inst/O
                         net (fo=4, routed)           0.521     0.695    B_IBUF[0]
    SLICE_X0Y5           LUT2 (Prop_lut2_I1_O)        0.045     0.740 r  C_OBUF[0]_inst_i_1/O
                         net (fo=1, routed)           0.416     1.156    C_OBUF[0]
    V15                  OBUF (Prop_obuf_I_O)         1.131     2.287 r  C_OBUF[0]_inst/O
                         net (fo=0)                   0.000     2.287    C[0]
    V15                                                               r  C[0] (OUT)
  -------------------------------------------------------------------    -------------------





