
*** Running vivado
    with args -log cerrojo_sistema.vds -m64 -product Vivado -mode batch -messageDb vivado.pb -notrace -source cerrojo_sistema.tcl


ECHO is off.
ECHO is off.

****** Vivado v2023.1 (64-bit)
  **** SW Build 3865809 on Sun May  7 15:05:29 MDT 2023
  **** IP Build 3864474 on Sun May  7 20:36:21 MDT 2023
  **** SharedData Build 3865790 on Sun May 07 13:33:03 MDT 2023
    ** Copyright 1986-2022 Xilinx, Inc. All Rights Reserved.
    ** Copyright 2022-2023 Advanced Micro Devices, Inc. All Rights Reserved.

source cerrojo_sistema.tcl -notrace
create_project: Time (s): cpu = 00:00:10 ; elapsed = 00:00:11 . Memory (MB): peak = 486.074 ; gain = 202.992
Command: read_checkpoint -auto_incremental -incremental C:/Users/paufr/OneDrive/Escritorio/TOC/LABORATORIO/PRACTICA2/PRACTICA2.srcs/utils_1/imports/synth_1/cerrojo_sistema.dcp
INFO: [Vivado 12-5825] Read reference checkpoint from C:/Users/paufr/OneDrive/Escritorio/TOC/LABORATORIO/PRACTICA2/PRACTICA2.srcs/utils_1/imports/synth_1/cerrojo_sistema.dcp for incremental synthesis
INFO: [Vivado 12-7989] Please ensure there are no constraint changes
Command: synth_design -top cerrojo_sistema -part xc7a35tcpg236-1
Starting synth_design
Attempting to get a license for feature 'Synthesis' and/or device 'xc7a35t'
INFO: [Common 17-349] Got license for feature 'Synthesis' and/or device 'xc7a35t'
INFO: [Device 21-403] Loading part xc7a35tcpg236-1
INFO: [Designutils 20-5440] No compile time benefit to using incremental synthesis; A full resynthesis will be run
INFO: [Designutils 20-4379] Flow is switching to default flow due to incremental criteria not met. If you would like to alter this behaviour and have the flow terminate instead, please set the following parameter config_implementation {autoIncr.Synth.RejectBehavior Terminate}
INFO: [Synth 8-7079] Multithreading enabled for synth_design using a maximum of 2 processes.
INFO: [Synth 8-7078] Launching helper process for spawning children vivado processes
INFO: [Synth 8-7075] Helper process launched with PID 10768
---------------------------------------------------------------------------------
Starting RTL Elaboration : Time (s): cpu = 00:00:08 ; elapsed = 00:00:08 . Memory (MB): peak = 1298.152 ; gain = 409.855
---------------------------------------------------------------------------------
INFO: [Synth 8-638] synthesizing module 'cerrojo_sistema' [C:/Users/paufr/OneDrive/Escritorio/TOC/LABORATORIO/PRACTICA2/PRACTICA2.srcs/sources_1/new/cerrojo_sistema.vhd:17]
INFO: [Synth 8-3491] module 'cerrojo' declared at 'C:/Users/paufr/OneDrive/Escritorio/TOC/LABORATORIO/PRACTICA2/PRACTICA2.srcs/sources_1/new/cerrojo.vhd:5' bound to instance 'cerrojo_my' of component 'cerrojo' [C:/Users/paufr/OneDrive/Escritorio/TOC/LABORATORIO/PRACTICA2/PRACTICA2.srcs/sources_1/new/cerrojo_sistema.vhd:56]
INFO: [Synth 8-638] synthesizing module 'cerrojo' [C:/Users/paufr/OneDrive/Escritorio/TOC/LABORATORIO/PRACTICA2/PRACTICA2.srcs/sources_1/new/cerrojo.vhd:16]
INFO: [Synth 8-256] done synthesizing module 'cerrojo' (0#1) [C:/Users/paufr/OneDrive/Escritorio/TOC/LABORATORIO/PRACTICA2/PRACTICA2.srcs/sources_1/new/cerrojo.vhd:16]
INFO: [Synth 8-3491] module 'conv_7seg' declared at 'C:/Users/paufr/OneDrive/Escritorio/TOC/LABORATORIO/PRACTICA2/PRACTICA2.srcs/sources_1/imports/Downloads/conv_7seg.vhd:4' bound to instance 'conv_7seg_my' of component 'conv_7seg' [C:/Users/paufr/OneDrive/Escritorio/TOC/LABORATORIO/PRACTICA2/PRACTICA2.srcs/sources_1/new/cerrojo_sistema.vhd:66]
INFO: [Synth 8-638] synthesizing module 'conv_7seg' [C:/Users/paufr/OneDrive/Escritorio/TOC/LABORATORIO/PRACTICA2/PRACTICA2.srcs/sources_1/imports/Downloads/conv_7seg.vhd:9]
INFO: [Synth 8-256] done synthesizing module 'conv_7seg' (0#1) [C:/Users/paufr/OneDrive/Escritorio/TOC/LABORATORIO/PRACTICA2/PRACTICA2.srcs/sources_1/imports/Downloads/conv_7seg.vhd:9]
INFO: [Synth 8-3491] module 'debouncer' declared at 'C:/Users/paufr/OneDrive/Escritorio/TOC/LABORATORIO/PRACTICA2/PRACTICA2.srcs/sources_1/imports/Downloads/debouncer.vhd:5' bound to instance 'debouncer_my' of component 'debouncer' [C:/Users/paufr/OneDrive/Escritorio/TOC/LABORATORIO/PRACTICA2/PRACTICA2.srcs/sources_1/new/cerrojo_sistema.vhd:72]
INFO: [Synth 8-638] synthesizing module 'debouncer' [C:/Users/paufr/OneDrive/Escritorio/TOC/LABORATORIO/PRACTICA2/PRACTICA2.srcs/sources_1/imports/Downloads/debouncer.vhd:16]
INFO: [Synth 8-256] done synthesizing module 'debouncer' (0#1) [C:/Users/paufr/OneDrive/Escritorio/TOC/LABORATORIO/PRACTICA2/PRACTICA2.srcs/sources_1/imports/Downloads/debouncer.vhd:16]
INFO: [Synth 8-256] done synthesizing module 'cerrojo_sistema' (0#1) [C:/Users/paufr/OneDrive/Escritorio/TOC/LABORATORIO/PRACTICA2/PRACTICA2.srcs/sources_1/new/cerrojo_sistema.vhd:17]
WARNING: [Synth 8-3917] design cerrojo_sistema has port s_display[3] driven by constant 1
WARNING: [Synth 8-3917] design cerrojo_sistema has port s_display[2] driven by constant 1
WARNING: [Synth 8-3917] design cerrojo_sistema has port s_display[1] driven by constant 1
WARNING: [Synth 8-3917] design cerrojo_sistema has port s_display[0] driven by constant 0
---------------------------------------------------------------------------------
Finished RTL Elaboration : Time (s): cpu = 00:00:10 ; elapsed = 00:00:10 . Memory (MB): peak = 1389.148 ; gain = 500.852
---------------------------------------------------------------------------------
---------------------------------------------------------------------------------
Start Handling Custom Attributes
---------------------------------------------------------------------------------
---------------------------------------------------------------------------------
Finished Handling Custom Attributes : Time (s): cpu = 00:00:10 ; elapsed = 00:00:10 . Memory (MB): peak = 1389.148 ; gain = 500.852
---------------------------------------------------------------------------------
---------------------------------------------------------------------------------
Finished RTL Optimization Phase 1 : Time (s): cpu = 00:00:10 ; elapsed = 00:00:10 . Memory (MB): peak = 1389.148 ; gain = 500.852
---------------------------------------------------------------------------------
Netlist sorting complete. Time (s): cpu = 00:00:00 ; elapsed = 00:00:00.001 . Memory (MB): peak = 1389.148 ; gain = 0.000
INFO: [Project 1-570] Preparing netlist for logic optimization

Processing XDC Constraints
Initializing timing engine
Parsing XDC File [C:/Users/paufr/OneDrive/Escritorio/TOC/LABORATORIO/PRACTICA2/PRACTICA2.srcs/constrs_1/new/pins.xdc]
Finished Parsing XDC File [C:/Users/paufr/OneDrive/Escritorio/TOC/LABORATORIO/PRACTICA2/PRACTICA2.srcs/constrs_1/new/pins.xdc]
INFO: [Project 1-236] Implementation specific constraints were found while reading constraint file [C:/Users/paufr/OneDrive/Escritorio/TOC/LABORATORIO/PRACTICA2/PRACTICA2.srcs/constrs_1/new/pins.xdc]. These constraints will be ignored for synthesis but will be used in implementation. Impacted constraints are listed in the file [.Xil/cerrojo_sistema_propImpl.xdc].
Resolution: To avoid this warning, move constraints listed in [.Xil/cerrojo_sistema_propImpl.xdc] to another XDC file and exclude this new file from synthesis with the used_in_synthesis property (File Properties dialog in GUI) and re-run elaboration/synthesis.
Completed Processing XDC Constraints

Netlist sorting complete. Time (s): cpu = 00:00:00 ; elapsed = 00:00:00 . Memory (MB): peak = 1481.953 ; gain = 0.000
INFO: [Project 1-111] Unisim Transformation Summary:
No Unisim elements were transformed.

Constraint Validation Runtime : Time (s): cpu = 00:00:00 ; elapsed = 00:00:00.002 . Memory (MB): peak = 1481.953 ; gain = 0.000
INFO: [Designutils 20-5440] No compile time benefit to using incremental synthesis; A full resynthesis will be run
INFO: [Designutils 20-4379] Flow is switching to default flow due to incremental criteria not met. If you would like to alter this behaviour and have the flow terminate instead, please set the following parameter config_implementation {autoIncr.Synth.RejectBehavior Terminate}
---------------------------------------------------------------------------------
Finished Constraint Validation : Time (s): cpu = 00:00:19 ; elapsed = 00:00:19 . Memory (MB): peak = 1481.953 ; gain = 593.656
---------------------------------------------------------------------------------
---------------------------------------------------------------------------------
Start Loading Part and Timing Information
---------------------------------------------------------------------------------
Loading part: xc7a35tcpg236-1
---------------------------------------------------------------------------------
Finished Loading Part and Timing Information : Time (s): cpu = 00:00:19 ; elapsed = 00:00:19 . Memory (MB): peak = 1481.953 ; gain = 593.656
---------------------------------------------------------------------------------
---------------------------------------------------------------------------------
Start Applying 'set_property' XDC Constraints
---------------------------------------------------------------------------------
---------------------------------------------------------------------------------
Finished applying 'set_property' XDC Constraints : Time (s): cpu = 00:00:19 ; elapsed = 00:00:20 . Memory (MB): peak = 1481.953 ; gain = 593.656
---------------------------------------------------------------------------------
INFO: [Synth 8-802] inferred FSM for state register 'estadoActual_reg' in module 'cerrojo'
INFO: [Synth 8-802] inferred FSM for state register 'state_reg' in module 'debouncer'
---------------------------------------------------------------------------------------------------
                   State |                     New Encoding |                Previous Encoding 
---------------------------------------------------------------------------------------------------
             abierto_est |                              001 |                              000
          intentos_3_est |                              010 |                              001
           bloqueado_est |                              100 |                              100
---------------------------------------------------------------------------------------------------
INFO: [Synth 8-3354] encoded FSM with state register 'estadoActual_reg' using encoding 'one-hot' in module 'cerrojo'
---------------------------------------------------------------------------------------------------
                   State |                     New Encoding |                Previous Encoding 
---------------------------------------------------------------------------------------------------
         waitingpression |                               00 |                               00
      pressiondebouncing |                               01 |                               01
       waitingdepression |                               10 |                               10
    depressiondebouncing |                               11 |                               11
---------------------------------------------------------------------------------------------------
INFO: [Synth 8-3354] encoded FSM with state register 'state_reg' using encoding 'sequential' in module 'debouncer'
---------------------------------------------------------------------------------
Finished RTL Optimization Phase 2 : Time (s): cpu = 00:00:19 ; elapsed = 00:00:20 . Memory (MB): peak = 1481.953 ; gain = 593.656
---------------------------------------------------------------------------------
---------------------------------------------------------------------------------
Start RTL Component Statistics 
---------------------------------------------------------------------------------
Detailed RTL Component Info : 
+---Registers : 
	                8 Bit    Registers := 1     
	                1 Bit    Registers := 2     
+---Muxes : 
	   3 Input    4 Bit        Muxes := 1     
	   3 Input    3 Bit        Muxes := 1     
	   2 Input    3 Bit        Muxes := 2     
	   4 Input    2 Bit        Muxes := 1     
	   2 Input    1 Bit        Muxes := 1     
	   4 Input    1 Bit        Muxes := 5     
---------------------------------------------------------------------------------
Finished RTL Component Statistics 
---------------------------------------------------------------------------------
---------------------------------------------------------------------------------
Start Part Resource Summary
---------------------------------------------------------------------------------
Part Resources:
DSPs: 90 (col length:60)
BRAMs: 100 (col length: RAMB18 60 RAMB36 30)
---------------------------------------------------------------------------------
Finished Part Resource Summary
---------------------------------------------------------------------------------
---------------------------------------------------------------------------------
Start Cross Boundary and Area Optimization
---------------------------------------------------------------------------------
WARNING: [Synth 8-7080] Parallel synthesis criteria is not met
WARNING: [Synth 8-3917] design cerrojo_sistema has port s_display[3] driven by constant 1
WARNING: [Synth 8-3917] design cerrojo_sistema has port s_display[2] driven by constant 1
WARNING: [Synth 8-3917] design cerrojo_sistema has port s_display[1] driven by constant 1
WARNING: [Synth 8-3917] design cerrojo_sistema has port s_display[0] driven by constant 0
WARNING: [Synth 8-3332] Sequential element (cerrojo_my/FSM_onehot_estadoActual_reg[2]) is unused and will be removed from module cerrojo_sistema.
---------------------------------------------------------------------------------
Finished Cross Boundary and Area Optimization : Time (s): cpu = 00:00:21 ; elapsed = 00:00:22 . Memory (MB): peak = 1481.953 ; gain = 593.656
---------------------------------------------------------------------------------
---------------------------------------------------------------------------------
Start Applying XDC Timing Constraints
---------------------------------------------------------------------------------
---------------------------------------------------------------------------------
Finished Applying XDC Timing Constraints : Time (s): cpu = 00:00:28 ; elapsed = 00:00:29 . Memory (MB): peak = 1481.953 ; gain = 593.656
---------------------------------------------------------------------------------
---------------------------------------------------------------------------------
Start Timing Optimization
---------------------------------------------------------------------------------
---------------------------------------------------------------------------------
Finished Timing Optimization : Time (s): cpu = 00:00:28 ; elapsed = 00:00:29 . Memory (MB): peak = 1481.953 ; gain = 593.656
---------------------------------------------------------------------------------
---------------------------------------------------------------------------------
Start Technology Mapping
---------------------------------------------------------------------------------
---------------------------------------------------------------------------------
Finished Technology Mapping : Time (s): cpu = 00:00:28 ; elapsed = 00:00:29 . Memory (MB): peak = 1481.953 ; gain = 593.656
---------------------------------------------------------------------------------
---------------------------------------------------------------------------------
Start IO Insertion
---------------------------------------------------------------------------------
---------------------------------------------------------------------------------
Start Flattening Before IO Insertion
---------------------------------------------------------------------------------
---------------------------------------------------------------------------------
Finished Flattening Before IO Insertion
---------------------------------------------------------------------------------
---------------------------------------------------------------------------------
Start Final Netlist Cleanup
---------------------------------------------------------------------------------
---------------------------------------------------------------------------------
Finished Final Netlist Cleanup
---------------------------------------------------------------------------------
---------------------------------------------------------------------------------
Finished IO Insertion : Time (s): cpu = 00:00:35 ; elapsed = 00:00:36 . Memory (MB): peak = 1481.953 ; gain = 593.656
---------------------------------------------------------------------------------
---------------------------------------------------------------------------------
Start Renaming Generated Instances
---------------------------------------------------------------------------------
---------------------------------------------------------------------------------
Finished Renaming Generated Instances : Time (s): cpu = 00:00:35 ; elapsed = 00:00:36 . Memory (MB): peak = 1481.953 ; gain = 593.656
---------------------------------------------------------------------------------
---------------------------------------------------------------------------------
Start Rebuilding User Hierarchy
---------------------------------------------------------------------------------
---------------------------------------------------------------------------------
Finished Rebuilding User Hierarchy : Time (s): cpu = 00:00:35 ; elapsed = 00:00:36 . Memory (MB): peak = 1481.953 ; gain = 593.656
---------------------------------------------------------------------------------
---------------------------------------------------------------------------------
Start Renaming Generated Ports
---------------------------------------------------------------------------------
---------------------------------------------------------------------------------
Finished Renaming Generated Ports : Time (s): cpu = 00:00:35 ; elapsed = 00:00:36 . Memory (MB): peak = 1481.953 ; gain = 593.656
---------------------------------------------------------------------------------
---------------------------------------------------------------------------------
Start Handling Custom Attributes
---------------------------------------------------------------------------------
---------------------------------------------------------------------------------
Finished Handling Custom Attributes : Time (s): cpu = 00:00:35 ; elapsed = 00:00:36 . Memory (MB): peak = 1481.953 ; gain = 593.656
---------------------------------------------------------------------------------
---------------------------------------------------------------------------------
Start Renaming Generated Nets
---------------------------------------------------------------------------------
---------------------------------------------------------------------------------
Finished Renaming Generated Nets : Time (s): cpu = 00:00:35 ; elapsed = 00:00:36 . Memory (MB): peak = 1481.953 ; gain = 593.656
---------------------------------------------------------------------------------
---------------------------------------------------------------------------------
Start Writing Synthesis Report
---------------------------------------------------------------------------------

Report BlackBoxes: 
+-+--------------+----------+
| |BlackBox name |Instances |
+-+--------------+----------+
+-+--------------+----------+

Report Cell Usage: 
+------+-------+------+
|      |Cell   |Count |
+------+-------+------+
|1     |BUFG   |     1|
|2     |CARRY4 |     6|
|3     |LUT1   |     1|
|4     |LUT2   |     3|
|5     |LUT3   |     3|
|6     |LUT4   |    26|
|7     |LUT5   |     1|
|8     |LUT6   |    12|
|9     |FDCE   |    36|
|10    |FDPE   |     1|
|11    |IBUF   |    11|
|12    |OBUF   |    27|
+------+-------+------+
---------------------------------------------------------------------------------
Finished Writing Synthesis Report : Time (s): cpu = 00:00:35 ; elapsed = 00:00:36 . Memory (MB): peak = 1481.953 ; gain = 593.656
---------------------------------------------------------------------------------
Synthesis finished with 0 errors, 0 critical warnings and 6 warnings.
Synthesis Optimization Runtime : Time (s): cpu = 00:00:23 ; elapsed = 00:00:34 . Memory (MB): peak = 1481.953 ; gain = 500.852
Synthesis Optimization Complete : Time (s): cpu = 00:00:35 ; elapsed = 00:00:36 . Memory (MB): peak = 1481.953 ; gain = 593.656
INFO: [Project 1-571] Translating synthesized netlist
Netlist sorting complete. Time (s): cpu = 00:00:00 ; elapsed = 00:00:00.001 . Memory (MB): peak = 1481.953 ; gain = 0.000
INFO: [Netlist 29-17] Analyzing 6 Unisim elements for replacement
INFO: [Netlist 29-28] Unisim Transformation completed in 0 CPU seconds
INFO: [Project 1-570] Preparing netlist for logic optimization
INFO: [Opt 31-138] Pushed 0 inverter(s) to 0 load pin(s).
Netlist sorting complete. Time (s): cpu = 00:00:00 ; elapsed = 00:00:00 . Memory (MB): peak = 1481.953 ; gain = 0.000
INFO: [Project 1-111] Unisim Transformation Summary:
No Unisim elements were transformed.

Synth Design complete | Checksum: d24feeec
INFO: [Common 17-83] Releasing license: Synthesis
36 Infos, 10 Warnings, 0 Critical Warnings and 0 Errors encountered.
synth_design completed successfully
synth_design: Time (s): cpu = 00:00:41 ; elapsed = 00:00:43 . Memory (MB): peak = 1481.953 ; gain = 971.043
INFO: [Common 17-1381] The checkpoint 'C:/Users/paufr/OneDrive/Escritorio/TOC/LABORATORIO/PRACTICA2/PRACTICA2.runs/synth_1/cerrojo_sistema.dcp' has been generated.
INFO: [runtcl-4] Executing : report_utilization -file cerrojo_sistema_utilization_synth.rpt -pb cerrojo_sistema_utilization_synth.pb
INFO: [Common 17-206] Exiting Vivado at Fri Oct  3 20:49:54 2025...
